语法

    0 $accept: Program $end

    1 Program: ProgramFileds MainFunction
    2        | ProgramFileds

    3 ProgramFileds: ProgramFiled
    4              | ProgramFileds ProgramFiled

    5 ProgramFiled: VariableDef
    6             | FunctionDef
    7             | ClassDef

    8 VariableDef: Variable SPSEMICOLON
    9            | Variable CommaIdentifiers SPSEMICOLON
   10            | error SPSEMICOLON

   11 CommaIdentifiers: SPCOMMA IDENTIFIER
   12                 | CommaIdentifiers SPCOMMA IDENTIFIER

   13 Variable: Type IDENTIFIER
   14         | Variable SPLEFTBRACKET IDENTIFIER SPRIGHTBRACKET
   15         | Variable SPLEFTBRACKET CONSTANTINT SPRIGHTBRACKET

   16 Type: TYPEINTEGER
   17     | TYPEFLOAT
   18     | TYPEBOOL
   19     | TYPESTRING
   20     | TYPEVOID
   21     | KEYCLASS IDENTIFIER
   22     | Type SPLEFTBRACKET SPRIGHTBRACKET

   23 Variables: Variable
   24          | Variables SPCOMMA Variable

   25 Formals: %empty
   26        | Variables

   27 MainFunction: KEYSTATIC TYPEVOID KEYMAIN SPLEFTPRNT SPRIGHTPRNT StmtBlock

   28 FunctionDef: Type IDENTIFIER SPLEFTPRNT Formals SPRIGHTPRNT StmtBlock
   29            | KEYSTATIC Type IDENTIFIER SPLEFTPRNT Formals SPRIGHTPRNT StmtBlock

   30 ClassDef: KEYCLASS IDENTIFIER SPLEFTBRACE Fields SPRIGHTBRACE
   31         | KEYCLASS IDENTIFIER KEYEXTENDS IDENTIFIER SPLEFTBRACE Fields SPRIGHTBRACE
   32         | error SPRIGHTBRACE

   33 Fields: %empty
   34       | Field Fields

   35 Field: VariableDef
   36      | FunctionDef

   37 StmtBlock: SPLEFTBRACE Stmts SPRIGHTBRACE
   38          | error SPRIGHTBRACE

   39 Stmts: %empty
   40      | Stmt Stmts

   41 Stmt: VariableDef
   42     | SimpleStmt SPSEMICOLON
   43     | IfStmt
   44     | WhileStmt
   45     | ForStmt
   46     | BreakStmt SPSEMICOLON
   47     | ContinueStmt SPSEMICOLON
   48     | ReturnStmt SPSEMICOLON
   49     | PrintStmt SPSEMICOLON
   50     | StmtBlock

   51 SimpleStmt: %empty
   52           | LValue OPASSIGN Expr
   53           | SelfLvalue
   54           | Call

   55 LValue: IDENTIFIER
   56       | Expr SPDOT IDENTIFIER
   57       | Expr SPLEFTBRACKET Expr SPRIGHTBRACKET
   58       | SelfLvalue

   59 SelfLvalue: LValue OPSELFADD
   60           | LValue OPSELFMINUS

   61 Call: IDENTIFIER SPLEFTPRNT Actuals SPRIGHTPRNT
   62     | Expr SPDOT IDENTIFIER SPLEFTPRNT Actuals SPRIGHTPRNT

   63 Actuals: %empty
   64        | Exprs

   65 Exprs: Expr
   66      | Exprs SPCOMMA Expr

   67 ForStmt: KEYFOR SPLEFTPRNT SimpleStmt SPSEMICOLON BoolExpr SPSEMICOLON SimpleStmt SPRIGHTPRNT Stmt

   68 WhileStmt: KEYWHILE SPLEFTPRNT BoolExpr SPRIGHTPRNT Stmt

   69 IfStmt: KEYIF SPLEFTPRNT BoolExpr SPRIGHTPRNT Stmt
   70       | KEYIF SPLEFTPRNT BoolExpr SPRIGHTPRNT Stmt KEYELSE Stmt

   71 ReturnStmt: KEYRETURN
   72           | KEYRETURN Expr

   73 BreakStmt: KEYBREAK

   74 ContinueStmt: KEYCONTINUE

   75 PrintStmt: KEYPRINT SPLEFTPRNT Exprs SPRIGHTPRNT

   76 BoolExpr: Expr

   77 Expr: Constant
   78     | LValue
   79     | KEYTHIS
   80     | Call
   81     | SPLEFTPRNT Expr SPRIGHTPRNT
   82     | Expr OPPLUS Expr
   83     | Expr OPMINUS Expr
   84     | Expr OPMULTIPLY Expr
   85     | Expr OPDIVIDE Expr
   86     | OPMINUS Expr
   87     | Expr OPLIGHT Expr
   88     | Expr OPLIGHTEQ Expr
   89     | Expr OPGREAT Expr
   90     | Expr OPGREATEQ Expr
   91     | Expr OPEQUAL Expr
   92     | Expr OPNOTEQUAL Expr
   93     | Expr OPAND Expr
   94     | Expr OPOR Expr
   95     | OPNOT Expr
   96     | KEYREADINTEGER SPLEFTPRNT SPRIGHTPRNT
   97     | KEYREADLINE SPLEFTPRNT SPRIGHTPRNT
   98     | KEYREADFLOAT SPLEFTPRNT SPRIGHTPRNT
   99     | KEYNEW IDENTIFIER SPLEFTPRNT SPRIGHTPRNT
  100     | KEYNEW Type SPLEFTBRACKET Expr SPRIGHTBRACKET
  101     | KEYINSTANCEOF SPLEFTPRNT Expr SPCOMMA IDENTIFIER SPRIGHTPRNT
  102     | SPLEFTPRNT KEYCLASS IDENTIFIER SPRIGHTPRNT Expr

  103 Constant: CONSTANTINT
  104         | CONSTANTFLOAT
  105         | CONSTANTBOOL
  106         | CONSTANTSTRING
  107         | CONSTANTNULL


Terminals, with rules where they appear

$end (0) 0
error (256) 10 32 38
SPSEMICOLON (258) 8 9 10 42 46 47 48 49 67
SPCOMMA (259) 11 12 24 66 101
SPDOT (260) 56 62
SPLEFTBRACE (261) 30 31 37
SPRIGHTBRACE (262) 30 31 32 37 38
SPLEFTPRNT (263) 27 28 29 61 62 67 68 69 70 75 81 96 97 98 99 101 102
SPRIGHTPRNT (264) 27 28 29 61 62 67 68 69 70 75 81 96 97 98 99 101
    102
SPLEFTBRACKET (265) 14 15 22 57 100
SPRIGHTBRACKET (266) 14 15 22 57 100
OPPLUS (267) 82
OPMINUS (268) 83 86
OPMULTIPLY (269) 84
OPDIVIDE (270) 85
OPASSIGN (271) 52
OPAND (272) 93
OPOR (273) 94
OPNOT (274) 95
OPEQUAL (275) 91
OPNOTEQUAL (276) 92
OPGREAT (277) 89
OPLIGHT (278) 87
OPGREATEQ (279) 90
OPLIGHTEQ (280) 88
OPSELFADD (281) 59
OPSELFMINUS (282) 60
TYPEVOID (283) 20 27
TYPEINTEGER (284) 16
TYPEFLOAT (285) 17
TYPEBOOL (286) 18
TYPESTRING (287) 19
KEYMAIN (288) 27
KEYCLASS (289) 21 30 31 102
KEYNEW (290) 99 100
KEYEXTENDS (291) 31
KEYTHIS (292) 79
KEYINSTANCEOF (293) 101
KEYIF (294) 69 70
KEYELSE (295) 70
KEYFOR (296) 67
KEYWHILE (297) 68
KEYBREAK (298) 73
KEYCONTINUE (299) 74
KEYRETURN (300) 71 72
KEYSTATIC (301) 27 29
KEYPRINT (302) 75
KEYREADINTEGER (303) 96
KEYREADLINE (304) 97
KEYREADFLOAT (305) 98
CONSTANTNULL (306) 107
CONSTANTBOOL (307) 105
CONSTANTINT (308) 15 103
CONSTANTFLOAT (309) 104
CONSTANTSTRING (310) 106
IDENTIFIER (311) 11 12 13 14 21 28 29 30 31 55 56 61 62 99 101 102
LOWER_THAN_ELSE (312)


Nonterminals, with rules where they appear

$accept (58)
    左： 0
Program (59)
    左： 1 2, 右： 0
ProgramFileds (60)
    左： 3 4, 右： 1 2 4
ProgramFiled (61)
    左： 5 6 7, 右： 3 4
VariableDef (62)
    左： 8 9 10, 右： 5 35 41
CommaIdentifiers (63)
    左： 11 12, 右： 9 12
Variable (64)
    左： 13 14 15, 右： 8 9 14 15 23 24
Type (65)
    左： 16 17 18 19 20 21 22, 右： 13 22 28 29 100
Variables (66)
    左： 23 24, 右： 24 26
Formals (67)
    左： 25 26, 右： 28 29
MainFunction (68)
    左： 27, 右： 1
FunctionDef (69)
    左： 28 29, 右： 6 36
ClassDef (70)
    左： 30 31 32, 右： 7
Fields (71)
    左： 33 34, 右： 30 31 34
Field (72)
    左： 35 36, 右： 34
StmtBlock (73)
    左： 37 38, 右： 27 28 29 50
Stmts (74)
    左： 39 40, 右： 37 40
Stmt (75)
    左： 41 42 43 44 45 46 47 48 49 50, 右： 40 67 68 69 70
SimpleStmt (76)
    左： 51 52 53 54, 右： 42 67
LValue (77)
    左： 55 56 57 58, 右： 52 59 60 78
SelfLvalue (78)
    左： 59 60, 右： 53 58
Call (79)
    左： 61 62, 右： 54 80
Actuals (80)
    左： 63 64, 右： 61 62
Exprs (81)
    左： 65 66, 右： 64 66 75
ForStmt (82)
    左： 67, 右： 45
WhileStmt (83)
    左： 68, 右： 44
IfStmt (84)
    左： 69 70, 右： 43
ReturnStmt (85)
    左： 71 72, 右： 48
BreakStmt (86)
    左： 73, 右： 46
ContinueStmt (87)
    左： 74, 右： 47
PrintStmt (88)
    左： 75, 右： 49
BoolExpr (89)
    左： 76, 右： 67 68 69 70
Expr (90)
    左： 77 78 79 80 81 82 83 84 85 86 87 88 89 90 91 92 93 94 95
    96 97 98 99 100 101 102, 右： 52 56 57 62 65 66 72 76 81 82 83
    84 85 86 87 88 89 90 91 92 93 94 95 100 101 102
Constant (91)
    左： 103 104 105 106 107, 右： 77


State 0

    0 $accept: . Program $end

    error        shift, and go to state 1
    TYPEVOID     shift, and go to state 2
    TYPEINTEGER  shift, and go to state 3
    TYPEFLOAT    shift, and go to state 4
    TYPEBOOL     shift, and go to state 5
    TYPESTRING   shift, and go to state 6
    KEYCLASS     shift, and go to state 7
    KEYSTATIC    shift, and go to state 8

    Program        转到状态 9
    ProgramFileds  转到状态 10
    ProgramFiled   转到状态 11
    VariableDef    转到状态 12
    Variable       转到状态 13
    Type           转到状态 14
    FunctionDef    转到状态 15
    ClassDef       转到状态 16


State 1

   10 VariableDef: error . SPSEMICOLON
   32 ClassDef: error . SPRIGHTBRACE

    SPSEMICOLON   shift, and go to state 17
    SPRIGHTBRACE  shift, and go to state 18


State 2

   20 Type: TYPEVOID .

    $default  reduce using rule 20 (Type)


State 3

   16 Type: TYPEINTEGER .

    $default  reduce using rule 16 (Type)


State 4

   17 Type: TYPEFLOAT .

    $default  reduce using rule 17 (Type)


State 5

   18 Type: TYPEBOOL .

    $default  reduce using rule 18 (Type)


State 6

   19 Type: TYPESTRING .

    $default  reduce using rule 19 (Type)


State 7

   21 Type: KEYCLASS . IDENTIFIER
   30 ClassDef: KEYCLASS . IDENTIFIER SPLEFTBRACE Fields SPRIGHTBRACE
   31         | KEYCLASS . IDENTIFIER KEYEXTENDS IDENTIFIER SPLEFTBRACE Fields SPRIGHTBRACE

    IDENTIFIER  shift, and go to state 19


State 8

   29 FunctionDef: KEYSTATIC . Type IDENTIFIER SPLEFTPRNT Formals SPRIGHTPRNT StmtBlock

    TYPEVOID     shift, and go to state 2
    TYPEINTEGER  shift, and go to state 3
    TYPEFLOAT    shift, and go to state 4
    TYPEBOOL     shift, and go to state 5
    TYPESTRING   shift, and go to state 6
    KEYCLASS     shift, and go to state 20

    Type  转到状态 21


State 9

    0 $accept: Program . $end

    $end  shift, and go to state 22


State 10

    1 Program: ProgramFileds . MainFunction
    2        | ProgramFileds .
    4 ProgramFileds: ProgramFileds . ProgramFiled

    error        shift, and go to state 1
    TYPEVOID     shift, and go to state 2
    TYPEINTEGER  shift, and go to state 3
    TYPEFLOAT    shift, and go to state 4
    TYPEBOOL     shift, and go to state 5
    TYPESTRING   shift, and go to state 6
    KEYCLASS     shift, and go to state 7
    KEYSTATIC    shift, and go to state 23

    $end  reduce using rule 2 (Program)

    ProgramFiled  转到状态 24
    VariableDef   转到状态 12
    Variable      转到状态 13
    Type          转到状态 14
    MainFunction  转到状态 25
    FunctionDef   转到状态 15
    ClassDef      转到状态 16


State 11

    3 ProgramFileds: ProgramFiled .

    $default  reduce using rule 3 (ProgramFileds)


State 12

    5 ProgramFiled: VariableDef .

    $default  reduce using rule 5 (ProgramFiled)


State 13

    8 VariableDef: Variable . SPSEMICOLON
    9            | Variable . CommaIdentifiers SPSEMICOLON
   14 Variable: Variable . SPLEFTBRACKET IDENTIFIER SPRIGHTBRACKET
   15         | Variable . SPLEFTBRACKET CONSTANTINT SPRIGHTBRACKET

    SPSEMICOLON    shift, and go to state 26
    SPCOMMA        shift, and go to state 27
    SPLEFTBRACKET  shift, and go to state 28

    CommaIdentifiers  转到状态 29


State 14

   13 Variable: Type . IDENTIFIER
   22 Type: Type . SPLEFTBRACKET SPRIGHTBRACKET
   28 FunctionDef: Type . IDENTIFIER SPLEFTPRNT Formals SPRIGHTPRNT StmtBlock

    SPLEFTBRACKET  shift, and go to state 30
    IDENTIFIER     shift, and go to state 31


State 15

    6 ProgramFiled: FunctionDef .

    $default  reduce using rule 6 (ProgramFiled)


State 16

    7 ProgramFiled: ClassDef .

    $default  reduce using rule 7 (ProgramFiled)


State 17

   10 VariableDef: error SPSEMICOLON .

    $default  reduce using rule 10 (VariableDef)


State 18

   32 ClassDef: error SPRIGHTBRACE .

    $default  reduce using rule 32 (ClassDef)


State 19

   21 Type: KEYCLASS IDENTIFIER .
   30 ClassDef: KEYCLASS IDENTIFIER . SPLEFTBRACE Fields SPRIGHTBRACE
   31         | KEYCLASS IDENTIFIER . KEYEXTENDS IDENTIFIER SPLEFTBRACE Fields SPRIGHTBRACE

    SPLEFTBRACE  shift, and go to state 32
    KEYEXTENDS   shift, and go to state 33

    $default  reduce using rule 21 (Type)


State 20

   21 Type: KEYCLASS . IDENTIFIER

    IDENTIFIER  shift, and go to state 34


State 21

   22 Type: Type . SPLEFTBRACKET SPRIGHTBRACKET
   29 FunctionDef: KEYSTATIC Type . IDENTIFIER SPLEFTPRNT Formals SPRIGHTPRNT StmtBlock

    SPLEFTBRACKET  shift, and go to state 30
    IDENTIFIER     shift, and go to state 35


State 22

    0 $accept: Program $end .

    $default  接受


State 23

   27 MainFunction: KEYSTATIC . TYPEVOID KEYMAIN SPLEFTPRNT SPRIGHTPRNT StmtBlock
   29 FunctionDef: KEYSTATIC . Type IDENTIFIER SPLEFTPRNT Formals SPRIGHTPRNT StmtBlock

    TYPEVOID     shift, and go to state 36
    TYPEINTEGER  shift, and go to state 3
    TYPEFLOAT    shift, and go to state 4
    TYPEBOOL     shift, and go to state 5
    TYPESTRING   shift, and go to state 6
    KEYCLASS     shift, and go to state 20

    Type  转到状态 21


State 24

    4 ProgramFileds: ProgramFileds ProgramFiled .

    $default  reduce using rule 4 (ProgramFileds)


State 25

    1 Program: ProgramFileds MainFunction .

    $default  reduce using rule 1 (Program)


State 26

    8 VariableDef: Variable SPSEMICOLON .

    $default  reduce using rule 8 (VariableDef)


State 27

   11 CommaIdentifiers: SPCOMMA . IDENTIFIER

    IDENTIFIER  shift, and go to state 37


State 28

   14 Variable: Variable SPLEFTBRACKET . IDENTIFIER SPRIGHTBRACKET
   15         | Variable SPLEFTBRACKET . CONSTANTINT SPRIGHTBRACKET

    CONSTANTINT  shift, and go to state 38
    IDENTIFIER   shift, and go to state 39


State 29

    9 VariableDef: Variable CommaIdentifiers . SPSEMICOLON
   12 CommaIdentifiers: CommaIdentifiers . SPCOMMA IDENTIFIER

    SPSEMICOLON  shift, and go to state 40
    SPCOMMA      shift, and go to state 41


State 30

   22 Type: Type SPLEFTBRACKET . SPRIGHTBRACKET

    SPRIGHTBRACKET  shift, and go to state 42


State 31

   13 Variable: Type IDENTIFIER .
   28 FunctionDef: Type IDENTIFIER . SPLEFTPRNT Formals SPRIGHTPRNT StmtBlock

    SPLEFTPRNT  shift, and go to state 43

    $default  reduce using rule 13 (Variable)


State 32

   30 ClassDef: KEYCLASS IDENTIFIER SPLEFTBRACE . Fields SPRIGHTBRACE

    error        shift, and go to state 44
    TYPEVOID     shift, and go to state 2
    TYPEINTEGER  shift, and go to state 3
    TYPEFLOAT    shift, and go to state 4
    TYPEBOOL     shift, and go to state 5
    TYPESTRING   shift, and go to state 6
    KEYCLASS     shift, and go to state 20
    KEYSTATIC    shift, and go to state 8

    SPRIGHTBRACE  reduce using rule 33 (Fields)

    VariableDef  转到状态 45
    Variable     转到状态 13
    Type         转到状态 14
    FunctionDef  转到状态 46
    Fields       转到状态 47
    Field        转到状态 48


State 33

   31 ClassDef: KEYCLASS IDENTIFIER KEYEXTENDS . IDENTIFIER SPLEFTBRACE Fields SPRIGHTBRACE

    IDENTIFIER  shift, and go to state 49


State 34

   21 Type: KEYCLASS IDENTIFIER .

    $default  reduce using rule 21 (Type)


State 35

   29 FunctionDef: KEYSTATIC Type IDENTIFIER . SPLEFTPRNT Formals SPRIGHTPRNT StmtBlock

    SPLEFTPRNT  shift, and go to state 50


State 36

   20 Type: TYPEVOID .
   27 MainFunction: KEYSTATIC TYPEVOID . KEYMAIN SPLEFTPRNT SPRIGHTPRNT StmtBlock

    KEYMAIN  shift, and go to state 51

    $default  reduce using rule 20 (Type)


State 37

   11 CommaIdentifiers: SPCOMMA IDENTIFIER .

    $default  reduce using rule 11 (CommaIdentifiers)


State 38

   15 Variable: Variable SPLEFTBRACKET CONSTANTINT . SPRIGHTBRACKET

    SPRIGHTBRACKET  shift, and go to state 52


State 39

   14 Variable: Variable SPLEFTBRACKET IDENTIFIER . SPRIGHTBRACKET

    SPRIGHTBRACKET  shift, and go to state 53


State 40

    9 VariableDef: Variable CommaIdentifiers SPSEMICOLON .

    $default  reduce using rule 9 (VariableDef)


State 41

   12 CommaIdentifiers: CommaIdentifiers SPCOMMA . IDENTIFIER

    IDENTIFIER  shift, and go to state 54


State 42

   22 Type: Type SPLEFTBRACKET SPRIGHTBRACKET .

    $default  reduce using rule 22 (Type)


State 43

   28 FunctionDef: Type IDENTIFIER SPLEFTPRNT . Formals SPRIGHTPRNT StmtBlock

    TYPEVOID     shift, and go to state 2
    TYPEINTEGER  shift, and go to state 3
    TYPEFLOAT    shift, and go to state 4
    TYPEBOOL     shift, and go to state 5
    TYPESTRING   shift, and go to state 6
    KEYCLASS     shift, and go to state 20

    $default  reduce using rule 25 (Formals)

    Variable   转到状态 55
    Type       转到状态 56
    Variables  转到状态 57
    Formals    转到状态 58


State 44

   10 VariableDef: error . SPSEMICOLON

    SPSEMICOLON  shift, and go to state 17


State 45

   35 Field: VariableDef .

    $default  reduce using rule 35 (Field)


State 46

   36 Field: FunctionDef .

    $default  reduce using rule 36 (Field)


State 47

   30 ClassDef: KEYCLASS IDENTIFIER SPLEFTBRACE Fields . SPRIGHTBRACE

    SPRIGHTBRACE  shift, and go to state 59


State 48

   34 Fields: Field . Fields

    error        shift, and go to state 44
    TYPEVOID     shift, and go to state 2
    TYPEINTEGER  shift, and go to state 3
    TYPEFLOAT    shift, and go to state 4
    TYPEBOOL     shift, and go to state 5
    TYPESTRING   shift, and go to state 6
    KEYCLASS     shift, and go to state 20
    KEYSTATIC    shift, and go to state 8

    SPRIGHTBRACE  reduce using rule 33 (Fields)

    VariableDef  转到状态 45
    Variable     转到状态 13
    Type         转到状态 14
    FunctionDef  转到状态 46
    Fields       转到状态 60
    Field        转到状态 48


State 49

   31 ClassDef: KEYCLASS IDENTIFIER KEYEXTENDS IDENTIFIER . SPLEFTBRACE Fields SPRIGHTBRACE

    SPLEFTBRACE  shift, and go to state 61


State 50

   29 FunctionDef: KEYSTATIC Type IDENTIFIER SPLEFTPRNT . Formals SPRIGHTPRNT StmtBlock

    TYPEVOID     shift, and go to state 2
    TYPEINTEGER  shift, and go to state 3
    TYPEFLOAT    shift, and go to state 4
    TYPEBOOL     shift, and go to state 5
    TYPESTRING   shift, and go to state 6
    KEYCLASS     shift, and go to state 20

    $default  reduce using rule 25 (Formals)

    Variable   转到状态 55
    Type       转到状态 56
    Variables  转到状态 57
    Formals    转到状态 62


State 51

   27 MainFunction: KEYSTATIC TYPEVOID KEYMAIN . SPLEFTPRNT SPRIGHTPRNT StmtBlock

    SPLEFTPRNT  shift, and go to state 63


State 52

   15 Variable: Variable SPLEFTBRACKET CONSTANTINT SPRIGHTBRACKET .

    $default  reduce using rule 15 (Variable)


State 53

   14 Variable: Variable SPLEFTBRACKET IDENTIFIER SPRIGHTBRACKET .

    $default  reduce using rule 14 (Variable)


State 54

   12 CommaIdentifiers: CommaIdentifiers SPCOMMA IDENTIFIER .

    $default  reduce using rule 12 (CommaIdentifiers)


State 55

   14 Variable: Variable . SPLEFTBRACKET IDENTIFIER SPRIGHTBRACKET
   15         | Variable . SPLEFTBRACKET CONSTANTINT SPRIGHTBRACKET
   23 Variables: Variable .

    SPLEFTBRACKET  shift, and go to state 28

    $default  reduce using rule 23 (Variables)


State 56

   13 Variable: Type . IDENTIFIER
   22 Type: Type . SPLEFTBRACKET SPRIGHTBRACKET

    SPLEFTBRACKET  shift, and go to state 30
    IDENTIFIER     shift, and go to state 64


State 57

   24 Variables: Variables . SPCOMMA Variable
   26 Formals: Variables .

    SPCOMMA  shift, and go to state 65

    $default  reduce using rule 26 (Formals)


State 58

   28 FunctionDef: Type IDENTIFIER SPLEFTPRNT Formals . SPRIGHTPRNT StmtBlock

    SPRIGHTPRNT  shift, and go to state 66


State 59

   30 ClassDef: KEYCLASS IDENTIFIER SPLEFTBRACE Fields SPRIGHTBRACE .

    $default  reduce using rule 30 (ClassDef)


State 60

   34 Fields: Field Fields .

    $default  reduce using rule 34 (Fields)


State 61

   31 ClassDef: KEYCLASS IDENTIFIER KEYEXTENDS IDENTIFIER SPLEFTBRACE . Fields SPRIGHTBRACE

    error        shift, and go to state 44
    TYPEVOID     shift, and go to state 2
    TYPEINTEGER  shift, and go to state 3
    TYPEFLOAT    shift, and go to state 4
    TYPEBOOL     shift, and go to state 5
    TYPESTRING   shift, and go to state 6
    KEYCLASS     shift, and go to state 20
    KEYSTATIC    shift, and go to state 8

    SPRIGHTBRACE  reduce using rule 33 (Fields)

    VariableDef  转到状态 45
    Variable     转到状态 13
    Type         转到状态 14
    FunctionDef  转到状态 46
    Fields       转到状态 67
    Field        转到状态 48


State 62

   29 FunctionDef: KEYSTATIC Type IDENTIFIER SPLEFTPRNT Formals . SPRIGHTPRNT StmtBlock

    SPRIGHTPRNT  shift, and go to state 68


State 63

   27 MainFunction: KEYSTATIC TYPEVOID KEYMAIN SPLEFTPRNT . SPRIGHTPRNT StmtBlock

    SPRIGHTPRNT  shift, and go to state 69


State 64

   13 Variable: Type IDENTIFIER .

    $default  reduce using rule 13 (Variable)


State 65

   24 Variables: Variables SPCOMMA . Variable

    TYPEVOID     shift, and go to state 2
    TYPEINTEGER  shift, and go to state 3
    TYPEFLOAT    shift, and go to state 4
    TYPEBOOL     shift, and go to state 5
    TYPESTRING   shift, and go to state 6
    KEYCLASS     shift, and go to state 20

    Variable  转到状态 70
    Type      转到状态 56


State 66

   28 FunctionDef: Type IDENTIFIER SPLEFTPRNT Formals SPRIGHTPRNT . StmtBlock

    error        shift, and go to state 71
    SPLEFTBRACE  shift, and go to state 72

    StmtBlock  转到状态 73


State 67

   31 ClassDef: KEYCLASS IDENTIFIER KEYEXTENDS IDENTIFIER SPLEFTBRACE Fields . SPRIGHTBRACE

    SPRIGHTBRACE  shift, and go to state 74


State 68

   29 FunctionDef: KEYSTATIC Type IDENTIFIER SPLEFTPRNT Formals SPRIGHTPRNT . StmtBlock

    error        shift, and go to state 71
    SPLEFTBRACE  shift, and go to state 72

    StmtBlock  转到状态 75


State 69

   27 MainFunction: KEYSTATIC TYPEVOID KEYMAIN SPLEFTPRNT SPRIGHTPRNT . StmtBlock

    error        shift, and go to state 71
    SPLEFTBRACE  shift, and go to state 72

    StmtBlock  转到状态 76


State 70

   14 Variable: Variable . SPLEFTBRACKET IDENTIFIER SPRIGHTBRACKET
   15         | Variable . SPLEFTBRACKET CONSTANTINT SPRIGHTBRACKET
   24 Variables: Variables SPCOMMA Variable .

    SPLEFTBRACKET  shift, and go to state 28

    $default  reduce using rule 24 (Variables)


State 71

   38 StmtBlock: error . SPRIGHTBRACE

    SPRIGHTBRACE  shift, and go to state 77


State 72

   37 StmtBlock: SPLEFTBRACE . Stmts SPRIGHTBRACE

    error           shift, and go to state 78
    SPLEFTBRACE     shift, and go to state 72
    SPLEFTPRNT      shift, and go to state 79
    OPMINUS         shift, and go to state 80
    OPNOT           shift, and go to state 81
    TYPEVOID        shift, and go to state 2
    TYPEINTEGER     shift, and go to state 3
    TYPEFLOAT       shift, and go to state 4
    TYPEBOOL        shift, and go to state 5
    TYPESTRING      shift, and go to state 6
    KEYCLASS        shift, and go to state 20
    KEYNEW          shift, and go to state 82
    KEYTHIS         shift, and go to state 83
    KEYINSTANCEOF   shift, and go to state 84
    KEYIF           shift, and go to state 85
    KEYFOR          shift, and go to state 86
    KEYWHILE        shift, and go to state 87
    KEYBREAK        shift, and go to state 88
    KEYCONTINUE     shift, and go to state 89
    KEYRETURN       shift, and go to state 90
    KEYPRINT        shift, and go to state 91
    KEYREADINTEGER  shift, and go to state 92
    KEYREADLINE     shift, and go to state 93
    KEYREADFLOAT    shift, and go to state 94
    CONSTANTNULL    shift, and go to state 95
    CONSTANTBOOL    shift, and go to state 96
    CONSTANTINT     shift, and go to state 97
    CONSTANTFLOAT   shift, and go to state 98
    CONSTANTSTRING  shift, and go to state 99
    IDENTIFIER      shift, and go to state 100

    SPSEMICOLON   reduce using rule 51 (SimpleStmt)
    SPRIGHTBRACE  reduce using rule 39 (Stmts)

    VariableDef   转到状态 101
    Variable      转到状态 13
    Type          转到状态 56
    StmtBlock     转到状态 102
    Stmts         转到状态 103
    Stmt          转到状态 104
    SimpleStmt    转到状态 105
    LValue        转到状态 106
    SelfLvalue    转到状态 107
    Call          转到状态 108
    ForStmt       转到状态 109
    WhileStmt     转到状态 110
    IfStmt        转到状态 111
    ReturnStmt    转到状态 112
    BreakStmt     转到状态 113
    ContinueStmt  转到状态 114
    PrintStmt     转到状态 115
    Expr          转到状态 116
    Constant      转到状态 117


State 73

   28 FunctionDef: Type IDENTIFIER SPLEFTPRNT Formals SPRIGHTPRNT StmtBlock .

    $default  reduce using rule 28 (FunctionDef)


State 74

   31 ClassDef: KEYCLASS IDENTIFIER KEYEXTENDS IDENTIFIER SPLEFTBRACE Fields SPRIGHTBRACE .

    $default  reduce using rule 31 (ClassDef)


State 75

   29 FunctionDef: KEYSTATIC Type IDENTIFIER SPLEFTPRNT Formals SPRIGHTPRNT StmtBlock .

    $default  reduce using rule 29 (FunctionDef)


State 76

   27 MainFunction: KEYSTATIC TYPEVOID KEYMAIN SPLEFTPRNT SPRIGHTPRNT StmtBlock .

    $default  reduce using rule 27 (MainFunction)


State 77

   38 StmtBlock: error SPRIGHTBRACE .

    $default  reduce using rule 38 (StmtBlock)


State 78

   10 VariableDef: error . SPSEMICOLON
   38 StmtBlock: error . SPRIGHTBRACE

    SPSEMICOLON   shift, and go to state 17
    SPRIGHTBRACE  shift, and go to state 77


State 79

   81 Expr: SPLEFTPRNT . Expr SPRIGHTPRNT
  102     | SPLEFTPRNT . KEYCLASS IDENTIFIER SPRIGHTPRNT Expr

    SPLEFTPRNT      shift, and go to state 79
    OPMINUS         shift, and go to state 80
    OPNOT           shift, and go to state 81
    KEYCLASS        shift, and go to state 118
    KEYNEW          shift, and go to state 82
    KEYTHIS         shift, and go to state 83
    KEYINSTANCEOF   shift, and go to state 84
    KEYREADINTEGER  shift, and go to state 92
    KEYREADLINE     shift, and go to state 93
    KEYREADFLOAT    shift, and go to state 94
    CONSTANTNULL    shift, and go to state 95
    CONSTANTBOOL    shift, and go to state 96
    CONSTANTINT     shift, and go to state 97
    CONSTANTFLOAT   shift, and go to state 98
    CONSTANTSTRING  shift, and go to state 99
    IDENTIFIER      shift, and go to state 100

    LValue      转到状态 119
    SelfLvalue  转到状态 120
    Call        转到状态 121
    Expr        转到状态 122
    Constant    转到状态 117


State 80

   86 Expr: OPMINUS . Expr

    SPLEFTPRNT      shift, and go to state 79
    OPMINUS         shift, and go to state 80
    OPNOT           shift, and go to state 81
    KEYNEW          shift, and go to state 82
    KEYTHIS         shift, and go to state 83
    KEYINSTANCEOF   shift, and go to state 84
    KEYREADINTEGER  shift, and go to state 92
    KEYREADLINE     shift, and go to state 93
    KEYREADFLOAT    shift, and go to state 94
    CONSTANTNULL    shift, and go to state 95
    CONSTANTBOOL    shift, and go to state 96
    CONSTANTINT     shift, and go to state 97
    CONSTANTFLOAT   shift, and go to state 98
    CONSTANTSTRING  shift, and go to state 99
    IDENTIFIER      shift, and go to state 100

    LValue      转到状态 119
    SelfLvalue  转到状态 120
    Call        转到状态 121
    Expr        转到状态 123
    Constant    转到状态 117


State 81

   95 Expr: OPNOT . Expr

    SPLEFTPRNT      shift, and go to state 79
    OPMINUS         shift, and go to state 80
    OPNOT           shift, and go to state 81
    KEYNEW          shift, and go to state 82
    KEYTHIS         shift, and go to state 83
    KEYINSTANCEOF   shift, and go to state 84
    KEYREADINTEGER  shift, and go to state 92
    KEYREADLINE     shift, and go to state 93
    KEYREADFLOAT    shift, and go to state 94
    CONSTANTNULL    shift, and go to state 95
    CONSTANTBOOL    shift, and go to state 96
    CONSTANTINT     shift, and go to state 97
    CONSTANTFLOAT   shift, and go to state 98
    CONSTANTSTRING  shift, and go to state 99
    IDENTIFIER      shift, and go to state 100

    LValue      转到状态 119
    SelfLvalue  转到状态 120
    Call        转到状态 121
    Expr        转到状态 124
    Constant    转到状态 117


State 82

   99 Expr: KEYNEW . IDENTIFIER SPLEFTPRNT SPRIGHTPRNT
  100     | KEYNEW . Type SPLEFTBRACKET Expr SPRIGHTBRACKET

    TYPEVOID     shift, and go to state 2
    TYPEINTEGER  shift, and go to state 3
    TYPEFLOAT    shift, and go to state 4
    TYPEBOOL     shift, and go to state 5
    TYPESTRING   shift, and go to state 6
    KEYCLASS     shift, and go to state 20
    IDENTIFIER   shift, and go to state 125

    Type  转到状态 126


State 83

   79 Expr: KEYTHIS .

    $default  reduce using rule 79 (Expr)


State 84

  101 Expr: KEYINSTANCEOF . SPLEFTPRNT Expr SPCOMMA IDENTIFIER SPRIGHTPRNT

    SPLEFTPRNT  shift, and go to state 127


State 85

   69 IfStmt: KEYIF . SPLEFTPRNT BoolExpr SPRIGHTPRNT Stmt
   70       | KEYIF . SPLEFTPRNT BoolExpr SPRIGHTPRNT Stmt KEYELSE Stmt

    SPLEFTPRNT  shift, and go to state 128


State 86

   67 ForStmt: KEYFOR . SPLEFTPRNT SimpleStmt SPSEMICOLON BoolExpr SPSEMICOLON SimpleStmt SPRIGHTPRNT Stmt

    SPLEFTPRNT  shift, and go to state 129


State 87

   68 WhileStmt: KEYWHILE . SPLEFTPRNT BoolExpr SPRIGHTPRNT Stmt

    SPLEFTPRNT  shift, and go to state 130


State 88

   73 BreakStmt: KEYBREAK .

    $default  reduce using rule 73 (BreakStmt)


State 89

   74 ContinueStmt: KEYCONTINUE .

    $default  reduce using rule 74 (ContinueStmt)


State 90

   71 ReturnStmt: KEYRETURN .
   72           | KEYRETURN . Expr

    SPLEFTPRNT      shift, and go to state 79
    OPMINUS         shift, and go to state 80
    OPNOT           shift, and go to state 81
    KEYNEW          shift, and go to state 82
    KEYTHIS         shift, and go to state 83
    KEYINSTANCEOF   shift, and go to state 84
    KEYREADINTEGER  shift, and go to state 92
    KEYREADLINE     shift, and go to state 93
    KEYREADFLOAT    shift, and go to state 94
    CONSTANTNULL    shift, and go to state 95
    CONSTANTBOOL    shift, and go to state 96
    CONSTANTINT     shift, and go to state 97
    CONSTANTFLOAT   shift, and go to state 98
    CONSTANTSTRING  shift, and go to state 99
    IDENTIFIER      shift, and go to state 100

    $default  reduce using rule 71 (ReturnStmt)

    LValue      转到状态 119
    SelfLvalue  转到状态 120
    Call        转到状态 121
    Expr        转到状态 131
    Constant    转到状态 117


State 91

   75 PrintStmt: KEYPRINT . SPLEFTPRNT Exprs SPRIGHTPRNT

    SPLEFTPRNT  shift, and go to state 132


State 92

   96 Expr: KEYREADINTEGER . SPLEFTPRNT SPRIGHTPRNT

    SPLEFTPRNT  shift, and go to state 133


State 93

   97 Expr: KEYREADLINE . SPLEFTPRNT SPRIGHTPRNT

    SPLEFTPRNT  shift, and go to state 134


State 94

   98 Expr: KEYREADFLOAT . SPLEFTPRNT SPRIGHTPRNT

    SPLEFTPRNT  shift, and go to state 135


State 95

  107 Constant: CONSTANTNULL .

    $default  reduce using rule 107 (Constant)


State 96

  105 Constant: CONSTANTBOOL .

    $default  reduce using rule 105 (Constant)


State 97

  103 Constant: CONSTANTINT .

    $default  reduce using rule 103 (Constant)


State 98

  104 Constant: CONSTANTFLOAT .

    $default  reduce using rule 104 (Constant)


State 99

  106 Constant: CONSTANTSTRING .

    $default  reduce using rule 106 (Constant)


State 100

   55 LValue: IDENTIFIER .
   61 Call: IDENTIFIER . SPLEFTPRNT Actuals SPRIGHTPRNT

    SPLEFTPRNT  shift, and go to state 136

    $default  reduce using rule 55 (LValue)


State 101

   41 Stmt: VariableDef .

    $default  reduce using rule 41 (Stmt)


State 102

   50 Stmt: StmtBlock .

    $default  reduce using rule 50 (Stmt)


State 103

   37 StmtBlock: SPLEFTBRACE Stmts . SPRIGHTBRACE

    SPRIGHTBRACE  shift, and go to state 137


State 104

   40 Stmts: Stmt . Stmts

    error           shift, and go to state 78
    SPLEFTBRACE     shift, and go to state 72
    SPLEFTPRNT      shift, and go to state 79
    OPMINUS         shift, and go to state 80
    OPNOT           shift, and go to state 81
    TYPEVOID        shift, and go to state 2
    TYPEINTEGER     shift, and go to state 3
    TYPEFLOAT       shift, and go to state 4
    TYPEBOOL        shift, and go to state 5
    TYPESTRING      shift, and go to state 6
    KEYCLASS        shift, and go to state 20
    KEYNEW          shift, and go to state 82
    KEYTHIS         shift, and go to state 83
    KEYINSTANCEOF   shift, and go to state 84
    KEYIF           shift, and go to state 85
    KEYFOR          shift, and go to state 86
    KEYWHILE        shift, and go to state 87
    KEYBREAK        shift, and go to state 88
    KEYCONTINUE     shift, and go to state 89
    KEYRETURN       shift, and go to state 90
    KEYPRINT        shift, and go to state 91
    KEYREADINTEGER  shift, and go to state 92
    KEYREADLINE     shift, and go to state 93
    KEYREADFLOAT    shift, and go to state 94
    CONSTANTNULL    shift, and go to state 95
    CONSTANTBOOL    shift, and go to state 96
    CONSTANTINT     shift, and go to state 97
    CONSTANTFLOAT   shift, and go to state 98
    CONSTANTSTRING  shift, and go to state 99
    IDENTIFIER      shift, and go to state 100

    SPSEMICOLON   reduce using rule 51 (SimpleStmt)
    SPRIGHTBRACE  reduce using rule 39 (Stmts)

    VariableDef   转到状态 101
    Variable      转到状态 13
    Type          转到状态 56
    StmtBlock     转到状态 102
    Stmts         转到状态 138
    Stmt          转到状态 104
    SimpleStmt    转到状态 105
    LValue        转到状态 106
    SelfLvalue    转到状态 107
    Call          转到状态 108
    ForStmt       转到状态 109
    WhileStmt     转到状态 110
    IfStmt        转到状态 111
    ReturnStmt    转到状态 112
    BreakStmt     转到状态 113
    ContinueStmt  转到状态 114
    PrintStmt     转到状态 115
    Expr          转到状态 116
    Constant      转到状态 117


State 105

   42 Stmt: SimpleStmt . SPSEMICOLON

    SPSEMICOLON  shift, and go to state 139


State 106

   52 SimpleStmt: LValue . OPASSIGN Expr
   59 SelfLvalue: LValue . OPSELFADD
   60           | LValue . OPSELFMINUS
   78 Expr: LValue .

    OPASSIGN     shift, and go to state 140
    OPSELFADD    shift, and go to state 141
    OPSELFMINUS  shift, and go to state 142

    $default  reduce using rule 78 (Expr)


State 107

   53 SimpleStmt: SelfLvalue .
   58 LValue: SelfLvalue .

    SPSEMICOLON  reduce using rule 53 (SimpleStmt)
    SPRIGHTPRNT  reduce using rule 53 (SimpleStmt)
    $default     reduce using rule 58 (LValue)


State 108

   54 SimpleStmt: Call .
   80 Expr: Call .

    SPSEMICOLON  reduce using rule 54 (SimpleStmt)
    SPRIGHTPRNT  reduce using rule 54 (SimpleStmt)
    $default     reduce using rule 80 (Expr)


State 109

   45 Stmt: ForStmt .

    $default  reduce using rule 45 (Stmt)


State 110

   44 Stmt: WhileStmt .

    $default  reduce using rule 44 (Stmt)


State 111

   43 Stmt: IfStmt .

    $default  reduce using rule 43 (Stmt)


State 112

   48 Stmt: ReturnStmt . SPSEMICOLON

    SPSEMICOLON  shift, and go to state 143


State 113

   46 Stmt: BreakStmt . SPSEMICOLON

    SPSEMICOLON  shift, and go to state 144


State 114

   47 Stmt: ContinueStmt . SPSEMICOLON

    SPSEMICOLON  shift, and go to state 145


State 115

   49 Stmt: PrintStmt . SPSEMICOLON

    SPSEMICOLON  shift, and go to state 146


State 116

   56 LValue: Expr . SPDOT IDENTIFIER
   57       | Expr . SPLEFTBRACKET Expr SPRIGHTBRACKET
   62 Call: Expr . SPDOT IDENTIFIER SPLEFTPRNT Actuals SPRIGHTPRNT
   82 Expr: Expr . OPPLUS Expr
   83     | Expr . OPMINUS Expr
   84     | Expr . OPMULTIPLY Expr
   85     | Expr . OPDIVIDE Expr
   87     | Expr . OPLIGHT Expr
   88     | Expr . OPLIGHTEQ Expr
   89     | Expr . OPGREAT Expr
   90     | Expr . OPGREATEQ Expr
   91     | Expr . OPEQUAL Expr
   92     | Expr . OPNOTEQUAL Expr
   93     | Expr . OPAND Expr
   94     | Expr . OPOR Expr

    SPDOT          shift, and go to state 147
    SPLEFTBRACKET  shift, and go to state 148
    OPPLUS         shift, and go to state 149
    OPMINUS        shift, and go to state 150
    OPMULTIPLY     shift, and go to state 151
    OPDIVIDE       shift, and go to state 152
    OPAND          shift, and go to state 153
    OPOR           shift, and go to state 154
    OPEQUAL        shift, and go to state 155
    OPNOTEQUAL     shift, and go to state 156
    OPGREAT        shift, and go to state 157
    OPLIGHT        shift, and go to state 158
    OPGREATEQ      shift, and go to state 159
    OPLIGHTEQ      shift, and go to state 160


State 117

   77 Expr: Constant .

    $default  reduce using rule 77 (Expr)


State 118

  102 Expr: SPLEFTPRNT KEYCLASS . IDENTIFIER SPRIGHTPRNT Expr

    IDENTIFIER  shift, and go to state 161


State 119

   59 SelfLvalue: LValue . OPSELFADD
   60           | LValue . OPSELFMINUS
   78 Expr: LValue .

    OPSELFADD    shift, and go to state 141
    OPSELFMINUS  shift, and go to state 142

    $default  reduce using rule 78 (Expr)


State 120

   58 LValue: SelfLvalue .

    $default  reduce using rule 58 (LValue)


State 121

   80 Expr: Call .

    $default  reduce using rule 80 (Expr)


State 122

   56 LValue: Expr . SPDOT IDENTIFIER
   57       | Expr . SPLEFTBRACKET Expr SPRIGHTBRACKET
   62 Call: Expr . SPDOT IDENTIFIER SPLEFTPRNT Actuals SPRIGHTPRNT
   81 Expr: SPLEFTPRNT Expr . SPRIGHTPRNT
   82     | Expr . OPPLUS Expr
   83     | Expr . OPMINUS Expr
   84     | Expr . OPMULTIPLY Expr
   85     | Expr . OPDIVIDE Expr
   87     | Expr . OPLIGHT Expr
   88     | Expr . OPLIGHTEQ Expr
   89     | Expr . OPGREAT Expr
   90     | Expr . OPGREATEQ Expr
   91     | Expr . OPEQUAL Expr
   92     | Expr . OPNOTEQUAL Expr
   93     | Expr . OPAND Expr
   94     | Expr . OPOR Expr

    SPDOT          shift, and go to state 147
    SPRIGHTPRNT    shift, and go to state 162
    SPLEFTBRACKET  shift, and go to state 148
    OPPLUS         shift, and go to state 149
    OPMINUS        shift, and go to state 150
    OPMULTIPLY     shift, and go to state 151
    OPDIVIDE       shift, and go to state 152
    OPAND          shift, and go to state 153
    OPOR           shift, and go to state 154
    OPEQUAL        shift, and go to state 155
    OPNOTEQUAL     shift, and go to state 156
    OPGREAT        shift, and go to state 157
    OPLIGHT        shift, and go to state 158
    OPGREATEQ      shift, and go to state 159
    OPLIGHTEQ      shift, and go to state 160


State 123

   56 LValue: Expr . SPDOT IDENTIFIER
   57       | Expr . SPLEFTBRACKET Expr SPRIGHTBRACKET
   62 Call: Expr . SPDOT IDENTIFIER SPLEFTPRNT Actuals SPRIGHTPRNT
   82 Expr: Expr . OPPLUS Expr
   83     | Expr . OPMINUS Expr
   84     | Expr . OPMULTIPLY Expr
   85     | Expr . OPDIVIDE Expr
   86     | OPMINUS Expr .
   87     | Expr . OPLIGHT Expr
   88     | Expr . OPLIGHTEQ Expr
   89     | Expr . OPGREAT Expr
   90     | Expr . OPGREATEQ Expr
   91     | Expr . OPEQUAL Expr
   92     | Expr . OPNOTEQUAL Expr
   93     | Expr . OPAND Expr
   94     | Expr . OPOR Expr

    SPDOT          shift, and go to state 147
    SPLEFTBRACKET  shift, and go to state 148
    OPMULTIPLY     shift, and go to state 151
    OPDIVIDE       shift, and go to state 152

    $default  reduce using rule 86 (Expr)


State 124

   56 LValue: Expr . SPDOT IDENTIFIER
   57       | Expr . SPLEFTBRACKET Expr SPRIGHTBRACKET
   62 Call: Expr . SPDOT IDENTIFIER SPLEFTPRNT Actuals SPRIGHTPRNT
   82 Expr: Expr . OPPLUS Expr
   83     | Expr . OPMINUS Expr
   84     | Expr . OPMULTIPLY Expr
   85     | Expr . OPDIVIDE Expr
   87     | Expr . OPLIGHT Expr
   88     | Expr . OPLIGHTEQ Expr
   89     | Expr . OPGREAT Expr
   90     | Expr . OPGREATEQ Expr
   91     | Expr . OPEQUAL Expr
   92     | Expr . OPNOTEQUAL Expr
   93     | Expr . OPAND Expr
   94     | Expr . OPOR Expr
   95     | OPNOT Expr .

    SPDOT          shift, and go to state 147
    SPLEFTBRACKET  shift, and go to state 148

    $default  reduce using rule 95 (Expr)


State 125

   99 Expr: KEYNEW IDENTIFIER . SPLEFTPRNT SPRIGHTPRNT

    SPLEFTPRNT  shift, and go to state 163


State 126

   22 Type: Type . SPLEFTBRACKET SPRIGHTBRACKET
  100 Expr: KEYNEW Type . SPLEFTBRACKET Expr SPRIGHTBRACKET

    SPLEFTBRACKET  shift, and go to state 164


State 127

  101 Expr: KEYINSTANCEOF SPLEFTPRNT . Expr SPCOMMA IDENTIFIER SPRIGHTPRNT

    SPLEFTPRNT      shift, and go to state 79
    OPMINUS         shift, and go to state 80
    OPNOT           shift, and go to state 81
    KEYNEW          shift, and go to state 82
    KEYTHIS         shift, and go to state 83
    KEYINSTANCEOF   shift, and go to state 84
    KEYREADINTEGER  shift, and go to state 92
    KEYREADLINE     shift, and go to state 93
    KEYREADFLOAT    shift, and go to state 94
    CONSTANTNULL    shift, and go to state 95
    CONSTANTBOOL    shift, and go to state 96
    CONSTANTINT     shift, and go to state 97
    CONSTANTFLOAT   shift, and go to state 98
    CONSTANTSTRING  shift, and go to state 99
    IDENTIFIER      shift, and go to state 100

    LValue      转到状态 119
    SelfLvalue  转到状态 120
    Call        转到状态 121
    Expr        转到状态 165
    Constant    转到状态 117


State 128

   69 IfStmt: KEYIF SPLEFTPRNT . BoolExpr SPRIGHTPRNT Stmt
   70       | KEYIF SPLEFTPRNT . BoolExpr SPRIGHTPRNT Stmt KEYELSE Stmt

    SPLEFTPRNT      shift, and go to state 79
    OPMINUS         shift, and go to state 80
    OPNOT           shift, and go to state 81
    KEYNEW          shift, and go to state 82
    KEYTHIS         shift, and go to state 83
    KEYINSTANCEOF   shift, and go to state 84
    KEYREADINTEGER  shift, and go to state 92
    KEYREADLINE     shift, and go to state 93
    KEYREADFLOAT    shift, and go to state 94
    CONSTANTNULL    shift, and go to state 95
    CONSTANTBOOL    shift, and go to state 96
    CONSTANTINT     shift, and go to state 97
    CONSTANTFLOAT   shift, and go to state 98
    CONSTANTSTRING  shift, and go to state 99
    IDENTIFIER      shift, and go to state 100

    LValue      转到状态 119
    SelfLvalue  转到状态 120
    Call        转到状态 121
    BoolExpr    转到状态 166
    Expr        转到状态 167
    Constant    转到状态 117


State 129

   67 ForStmt: KEYFOR SPLEFTPRNT . SimpleStmt SPSEMICOLON BoolExpr SPSEMICOLON SimpleStmt SPRIGHTPRNT Stmt

    SPLEFTPRNT      shift, and go to state 79
    OPMINUS         shift, and go to state 80
    OPNOT           shift, and go to state 81
    KEYNEW          shift, and go to state 82
    KEYTHIS         shift, and go to state 83
    KEYINSTANCEOF   shift, and go to state 84
    KEYREADINTEGER  shift, and go to state 92
    KEYREADLINE     shift, and go to state 93
    KEYREADFLOAT    shift, and go to state 94
    CONSTANTNULL    shift, and go to state 95
    CONSTANTBOOL    shift, and go to state 96
    CONSTANTINT     shift, and go to state 97
    CONSTANTFLOAT   shift, and go to state 98
    CONSTANTSTRING  shift, and go to state 99
    IDENTIFIER      shift, and go to state 100

    $default  reduce using rule 51 (SimpleStmt)

    SimpleStmt  转到状态 168
    LValue      转到状态 106
    SelfLvalue  转到状态 107
    Call        转到状态 108
    Expr        转到状态 116
    Constant    转到状态 117


State 130

   68 WhileStmt: KEYWHILE SPLEFTPRNT . BoolExpr SPRIGHTPRNT Stmt

    SPLEFTPRNT      shift, and go to state 79
    OPMINUS         shift, and go to state 80
    OPNOT           shift, and go to state 81
    KEYNEW          shift, and go to state 82
    KEYTHIS         shift, and go to state 83
    KEYINSTANCEOF   shift, and go to state 84
    KEYREADINTEGER  shift, and go to state 92
    KEYREADLINE     shift, and go to state 93
    KEYREADFLOAT    shift, and go to state 94
    CONSTANTNULL    shift, and go to state 95
    CONSTANTBOOL    shift, and go to state 96
    CONSTANTINT     shift, and go to state 97
    CONSTANTFLOAT   shift, and go to state 98
    CONSTANTSTRING  shift, and go to state 99
    IDENTIFIER      shift, and go to state 100

    LValue      转到状态 119
    SelfLvalue  转到状态 120
    Call        转到状态 121
    BoolExpr    转到状态 169
    Expr        转到状态 167
    Constant    转到状态 117


State 131

   56 LValue: Expr . SPDOT IDENTIFIER
   57       | Expr . SPLEFTBRACKET Expr SPRIGHTBRACKET
   62 Call: Expr . SPDOT IDENTIFIER SPLEFTPRNT Actuals SPRIGHTPRNT
   72 ReturnStmt: KEYRETURN Expr .
   82 Expr: Expr . OPPLUS Expr
   83     | Expr . OPMINUS Expr
   84     | Expr . OPMULTIPLY Expr
   85     | Expr . OPDIVIDE Expr
   87     | Expr . OPLIGHT Expr
   88     | Expr . OPLIGHTEQ Expr
   89     | Expr . OPGREAT Expr
   90     | Expr . OPGREATEQ Expr
   91     | Expr . OPEQUAL Expr
   92     | Expr . OPNOTEQUAL Expr
   93     | Expr . OPAND Expr
   94     | Expr . OPOR Expr

    SPDOT          shift, and go to state 147
    SPLEFTBRACKET  shift, and go to state 148
    OPPLUS         shift, and go to state 149
    OPMINUS        shift, and go to state 150
    OPMULTIPLY     shift, and go to state 151
    OPDIVIDE       shift, and go to state 152
    OPAND          shift, and go to state 153
    OPOR           shift, and go to state 154
    OPEQUAL        shift, and go to state 155
    OPNOTEQUAL     shift, and go to state 156
    OPGREAT        shift, and go to state 157
    OPLIGHT        shift, and go to state 158
    OPGREATEQ      shift, and go to state 159
    OPLIGHTEQ      shift, and go to state 160

    $default  reduce using rule 72 (ReturnStmt)


State 132

   75 PrintStmt: KEYPRINT SPLEFTPRNT . Exprs SPRIGHTPRNT

    SPLEFTPRNT      shift, and go to state 79
    OPMINUS         shift, and go to state 80
    OPNOT           shift, and go to state 81
    KEYNEW          shift, and go to state 82
    KEYTHIS         shift, and go to state 83
    KEYINSTANCEOF   shift, and go to state 84
    KEYREADINTEGER  shift, and go to state 92
    KEYREADLINE     shift, and go to state 93
    KEYREADFLOAT    shift, and go to state 94
    CONSTANTNULL    shift, and go to state 95
    CONSTANTBOOL    shift, and go to state 96
    CONSTANTINT     shift, and go to state 97
    CONSTANTFLOAT   shift, and go to state 98
    CONSTANTSTRING  shift, and go to state 99
    IDENTIFIER      shift, and go to state 100

    LValue      转到状态 119
    SelfLvalue  转到状态 120
    Call        转到状态 121
    Exprs       转到状态 170
    Expr        转到状态 171
    Constant    转到状态 117


State 133

   96 Expr: KEYREADINTEGER SPLEFTPRNT . SPRIGHTPRNT

    SPRIGHTPRNT  shift, and go to state 172


State 134

   97 Expr: KEYREADLINE SPLEFTPRNT . SPRIGHTPRNT

    SPRIGHTPRNT  shift, and go to state 173


State 135

   98 Expr: KEYREADFLOAT SPLEFTPRNT . SPRIGHTPRNT

    SPRIGHTPRNT  shift, and go to state 174


State 136

   61 Call: IDENTIFIER SPLEFTPRNT . Actuals SPRIGHTPRNT

    SPLEFTPRNT      shift, and go to state 79
    OPMINUS         shift, and go to state 80
    OPNOT           shift, and go to state 81
    KEYNEW          shift, and go to state 82
    KEYTHIS         shift, and go to state 83
    KEYINSTANCEOF   shift, and go to state 84
    KEYREADINTEGER  shift, and go to state 92
    KEYREADLINE     shift, and go to state 93
    KEYREADFLOAT    shift, and go to state 94
    CONSTANTNULL    shift, and go to state 95
    CONSTANTBOOL    shift, and go to state 96
    CONSTANTINT     shift, and go to state 97
    CONSTANTFLOAT   shift, and go to state 98
    CONSTANTSTRING  shift, and go to state 99
    IDENTIFIER      shift, and go to state 100

    $default  reduce using rule 63 (Actuals)

    LValue      转到状态 119
    SelfLvalue  转到状态 120
    Call        转到状态 121
    Actuals     转到状态 175
    Exprs       转到状态 176
    Expr        转到状态 171
    Constant    转到状态 117


State 137

   37 StmtBlock: SPLEFTBRACE Stmts SPRIGHTBRACE .

    $default  reduce using rule 37 (StmtBlock)


State 138

   40 Stmts: Stmt Stmts .

    $default  reduce using rule 40 (Stmts)


State 139

   42 Stmt: SimpleStmt SPSEMICOLON .

    $default  reduce using rule 42 (Stmt)


State 140

   52 SimpleStmt: LValue OPASSIGN . Expr

    SPLEFTPRNT      shift, and go to state 79
    OPMINUS         shift, and go to state 80
    OPNOT           shift, and go to state 81
    KEYNEW          shift, and go to state 82
    KEYTHIS         shift, and go to state 83
    KEYINSTANCEOF   shift, and go to state 84
    KEYREADINTEGER  shift, and go to state 92
    KEYREADLINE     shift, and go to state 93
    KEYREADFLOAT    shift, and go to state 94
    CONSTANTNULL    shift, and go to state 95
    CONSTANTBOOL    shift, and go to state 96
    CONSTANTINT     shift, and go to state 97
    CONSTANTFLOAT   shift, and go to state 98
    CONSTANTSTRING  shift, and go to state 99
    IDENTIFIER      shift, and go to state 100

    LValue      转到状态 119
    SelfLvalue  转到状态 120
    Call        转到状态 121
    Expr        转到状态 177
    Constant    转到状态 117


State 141

   59 SelfLvalue: LValue OPSELFADD .

    $default  reduce using rule 59 (SelfLvalue)


State 142

   60 SelfLvalue: LValue OPSELFMINUS .

    $default  reduce using rule 60 (SelfLvalue)


State 143

   48 Stmt: ReturnStmt SPSEMICOLON .

    $default  reduce using rule 48 (Stmt)


State 144

   46 Stmt: BreakStmt SPSEMICOLON .

    $default  reduce using rule 46 (Stmt)


State 145

   47 Stmt: ContinueStmt SPSEMICOLON .

    $default  reduce using rule 47 (Stmt)


State 146

   49 Stmt: PrintStmt SPSEMICOLON .

    $default  reduce using rule 49 (Stmt)


State 147

   56 LValue: Expr SPDOT . IDENTIFIER
   62 Call: Expr SPDOT . IDENTIFIER SPLEFTPRNT Actuals SPRIGHTPRNT

    IDENTIFIER  shift, and go to state 178


State 148

   57 LValue: Expr SPLEFTBRACKET . Expr SPRIGHTBRACKET

    SPLEFTPRNT      shift, and go to state 79
    OPMINUS         shift, and go to state 80
    OPNOT           shift, and go to state 81
    KEYNEW          shift, and go to state 82
    KEYTHIS         shift, and go to state 83
    KEYINSTANCEOF   shift, and go to state 84
    KEYREADINTEGER  shift, and go to state 92
    KEYREADLINE     shift, and go to state 93
    KEYREADFLOAT    shift, and go to state 94
    CONSTANTNULL    shift, and go to state 95
    CONSTANTBOOL    shift, and go to state 96
    CONSTANTINT     shift, and go to state 97
    CONSTANTFLOAT   shift, and go to state 98
    CONSTANTSTRING  shift, and go to state 99
    IDENTIFIER      shift, and go to state 100

    LValue      转到状态 119
    SelfLvalue  转到状态 120
    Call        转到状态 121
    Expr        转到状态 179
    Constant    转到状态 117


State 149

   82 Expr: Expr OPPLUS . Expr

    SPLEFTPRNT      shift, and go to state 79
    OPMINUS         shift, and go to state 80
    OPNOT           shift, and go to state 81
    KEYNEW          shift, and go to state 82
    KEYTHIS         shift, and go to state 83
    KEYINSTANCEOF   shift, and go to state 84
    KEYREADINTEGER  shift, and go to state 92
    KEYREADLINE     shift, and go to state 93
    KEYREADFLOAT    shift, and go to state 94
    CONSTANTNULL    shift, and go to state 95
    CONSTANTBOOL    shift, and go to state 96
    CONSTANTINT     shift, and go to state 97
    CONSTANTFLOAT   shift, and go to state 98
    CONSTANTSTRING  shift, and go to state 99
    IDENTIFIER      shift, and go to state 100

    LValue      转到状态 119
    SelfLvalue  转到状态 120
    Call        转到状态 121
    Expr        转到状态 180
    Constant    转到状态 117


State 150

   83 Expr: Expr OPMINUS . Expr

    SPLEFTPRNT      shift, and go to state 79
    OPMINUS         shift, and go to state 80
    OPNOT           shift, and go to state 81
    KEYNEW          shift, and go to state 82
    KEYTHIS         shift, and go to state 83
    KEYINSTANCEOF   shift, and go to state 84
    KEYREADINTEGER  shift, and go to state 92
    KEYREADLINE     shift, and go to state 93
    KEYREADFLOAT    shift, and go to state 94
    CONSTANTNULL    shift, and go to state 95
    CONSTANTBOOL    shift, and go to state 96
    CONSTANTINT     shift, and go to state 97
    CONSTANTFLOAT   shift, and go to state 98
    CONSTANTSTRING  shift, and go to state 99
    IDENTIFIER      shift, and go to state 100

    LValue      转到状态 119
    SelfLvalue  转到状态 120
    Call        转到状态 121
    Expr        转到状态 181
    Constant    转到状态 117


State 151

   84 Expr: Expr OPMULTIPLY . Expr

    SPLEFTPRNT      shift, and go to state 79
    OPMINUS         shift, and go to state 80
    OPNOT           shift, and go to state 81
    KEYNEW          shift, and go to state 82
    KEYTHIS         shift, and go to state 83
    KEYINSTANCEOF   shift, and go to state 84
    KEYREADINTEGER  shift, and go to state 92
    KEYREADLINE     shift, and go to state 93
    KEYREADFLOAT    shift, and go to state 94
    CONSTANTNULL    shift, and go to state 95
    CONSTANTBOOL    shift, and go to state 96
    CONSTANTINT     shift, and go to state 97
    CONSTANTFLOAT   shift, and go to state 98
    CONSTANTSTRING  shift, and go to state 99
    IDENTIFIER      shift, and go to state 100

    LValue      转到状态 119
    SelfLvalue  转到状态 120
    Call        转到状态 121
    Expr        转到状态 182
    Constant    转到状态 117


State 152

   85 Expr: Expr OPDIVIDE . Expr

    SPLEFTPRNT      shift, and go to state 79
    OPMINUS         shift, and go to state 80
    OPNOT           shift, and go to state 81
    KEYNEW          shift, and go to state 82
    KEYTHIS         shift, and go to state 83
    KEYINSTANCEOF   shift, and go to state 84
    KEYREADINTEGER  shift, and go to state 92
    KEYREADLINE     shift, and go to state 93
    KEYREADFLOAT    shift, and go to state 94
    CONSTANTNULL    shift, and go to state 95
    CONSTANTBOOL    shift, and go to state 96
    CONSTANTINT     shift, and go to state 97
    CONSTANTFLOAT   shift, and go to state 98
    CONSTANTSTRING  shift, and go to state 99
    IDENTIFIER      shift, and go to state 100

    LValue      转到状态 119
    SelfLvalue  转到状态 120
    Call        转到状态 121
    Expr        转到状态 183
    Constant    转到状态 117


State 153

   93 Expr: Expr OPAND . Expr

    SPLEFTPRNT      shift, and go to state 79
    OPMINUS         shift, and go to state 80
    OPNOT           shift, and go to state 81
    KEYNEW          shift, and go to state 82
    KEYTHIS         shift, and go to state 83
    KEYINSTANCEOF   shift, and go to state 84
    KEYREADINTEGER  shift, and go to state 92
    KEYREADLINE     shift, and go to state 93
    KEYREADFLOAT    shift, and go to state 94
    CONSTANTNULL    shift, and go to state 95
    CONSTANTBOOL    shift, and go to state 96
    CONSTANTINT     shift, and go to state 97
    CONSTANTFLOAT   shift, and go to state 98
    CONSTANTSTRING  shift, and go to state 99
    IDENTIFIER      shift, and go to state 100

    LValue      转到状态 119
    SelfLvalue  转到状态 120
    Call        转到状态 121
    Expr        转到状态 184
    Constant    转到状态 117


State 154

   94 Expr: Expr OPOR . Expr

    SPLEFTPRNT      shift, and go to state 79
    OPMINUS         shift, and go to state 80
    OPNOT           shift, and go to state 81
    KEYNEW          shift, and go to state 82
    KEYTHIS         shift, and go to state 83
    KEYINSTANCEOF   shift, and go to state 84
    KEYREADINTEGER  shift, and go to state 92
    KEYREADLINE     shift, and go to state 93
    KEYREADFLOAT    shift, and go to state 94
    CONSTANTNULL    shift, and go to state 95
    CONSTANTBOOL    shift, and go to state 96
    CONSTANTINT     shift, and go to state 97
    CONSTANTFLOAT   shift, and go to state 98
    CONSTANTSTRING  shift, and go to state 99
    IDENTIFIER      shift, and go to state 100

    LValue      转到状态 119
    SelfLvalue  转到状态 120
    Call        转到状态 121
    Expr        转到状态 185
    Constant    转到状态 117


State 155

   91 Expr: Expr OPEQUAL . Expr

    SPLEFTPRNT      shift, and go to state 79
    OPMINUS         shift, and go to state 80
    OPNOT           shift, and go to state 81
    KEYNEW          shift, and go to state 82
    KEYTHIS         shift, and go to state 83
    KEYINSTANCEOF   shift, and go to state 84
    KEYREADINTEGER  shift, and go to state 92
    KEYREADLINE     shift, and go to state 93
    KEYREADFLOAT    shift, and go to state 94
    CONSTANTNULL    shift, and go to state 95
    CONSTANTBOOL    shift, and go to state 96
    CONSTANTINT     shift, and go to state 97
    CONSTANTFLOAT   shift, and go to state 98
    CONSTANTSTRING  shift, and go to state 99
    IDENTIFIER      shift, and go to state 100

    LValue      转到状态 119
    SelfLvalue  转到状态 120
    Call        转到状态 121
    Expr        转到状态 186
    Constant    转到状态 117


State 156

   92 Expr: Expr OPNOTEQUAL . Expr

    SPLEFTPRNT      shift, and go to state 79
    OPMINUS         shift, and go to state 80
    OPNOT           shift, and go to state 81
    KEYNEW          shift, and go to state 82
    KEYTHIS         shift, and go to state 83
    KEYINSTANCEOF   shift, and go to state 84
    KEYREADINTEGER  shift, and go to state 92
    KEYREADLINE     shift, and go to state 93
    KEYREADFLOAT    shift, and go to state 94
    CONSTANTNULL    shift, and go to state 95
    CONSTANTBOOL    shift, and go to state 96
    CONSTANTINT     shift, and go to state 97
    CONSTANTFLOAT   shift, and go to state 98
    CONSTANTSTRING  shift, and go to state 99
    IDENTIFIER      shift, and go to state 100

    LValue      转到状态 119
    SelfLvalue  转到状态 120
    Call        转到状态 121
    Expr        转到状态 187
    Constant    转到状态 117


State 157

   89 Expr: Expr OPGREAT . Expr

    SPLEFTPRNT      shift, and go to state 79
    OPMINUS         shift, and go to state 80
    OPNOT           shift, and go to state 81
    KEYNEW          shift, and go to state 82
    KEYTHIS         shift, and go to state 83
    KEYINSTANCEOF   shift, and go to state 84
    KEYREADINTEGER  shift, and go to state 92
    KEYREADLINE     shift, and go to state 93
    KEYREADFLOAT    shift, and go to state 94
    CONSTANTNULL    shift, and go to state 95
    CONSTANTBOOL    shift, and go to state 96
    CONSTANTINT     shift, and go to state 97
    CONSTANTFLOAT   shift, and go to state 98
    CONSTANTSTRING  shift, and go to state 99
    IDENTIFIER      shift, and go to state 100

    LValue      转到状态 119
    SelfLvalue  转到状态 120
    Call        转到状态 121
    Expr        转到状态 188
    Constant    转到状态 117


State 158

   87 Expr: Expr OPLIGHT . Expr

    SPLEFTPRNT      shift, and go to state 79
    OPMINUS         shift, and go to state 80
    OPNOT           shift, and go to state 81
    KEYNEW          shift, and go to state 82
    KEYTHIS         shift, and go to state 83
    KEYINSTANCEOF   shift, and go to state 84
    KEYREADINTEGER  shift, and go to state 92
    KEYREADLINE     shift, and go to state 93
    KEYREADFLOAT    shift, and go to state 94
    CONSTANTNULL    shift, and go to state 95
    CONSTANTBOOL    shift, and go to state 96
    CONSTANTINT     shift, and go to state 97
    CONSTANTFLOAT   shift, and go to state 98
    CONSTANTSTRING  shift, and go to state 99
    IDENTIFIER      shift, and go to state 100

    LValue      转到状态 119
    SelfLvalue  转到状态 120
    Call        转到状态 121
    Expr        转到状态 189
    Constant    转到状态 117


State 159

   90 Expr: Expr OPGREATEQ . Expr

    SPLEFTPRNT      shift, and go to state 79
    OPMINUS         shift, and go to state 80
    OPNOT           shift, and go to state 81
    KEYNEW          shift, and go to state 82
    KEYTHIS         shift, and go to state 83
    KEYINSTANCEOF   shift, and go to state 84
    KEYREADINTEGER  shift, and go to state 92
    KEYREADLINE     shift, and go to state 93
    KEYREADFLOAT    shift, and go to state 94
    CONSTANTNULL    shift, and go to state 95
    CONSTANTBOOL    shift, and go to state 96
    CONSTANTINT     shift, and go to state 97
    CONSTANTFLOAT   shift, and go to state 98
    CONSTANTSTRING  shift, and go to state 99
    IDENTIFIER      shift, and go to state 100

    LValue      转到状态 119
    SelfLvalue  转到状态 120
    Call        转到状态 121
    Expr        转到状态 190
    Constant    转到状态 117


State 160

   88 Expr: Expr OPLIGHTEQ . Expr

    SPLEFTPRNT      shift, and go to state 79
    OPMINUS         shift, and go to state 80
    OPNOT           shift, and go to state 81
    KEYNEW          shift, and go to state 82
    KEYTHIS         shift, and go to state 83
    KEYINSTANCEOF   shift, and go to state 84
    KEYREADINTEGER  shift, and go to state 92
    KEYREADLINE     shift, and go to state 93
    KEYREADFLOAT    shift, and go to state 94
    CONSTANTNULL    shift, and go to state 95
    CONSTANTBOOL    shift, and go to state 96
    CONSTANTINT     shift, and go to state 97
    CONSTANTFLOAT   shift, and go to state 98
    CONSTANTSTRING  shift, and go to state 99
    IDENTIFIER      shift, and go to state 100

    LValue      转到状态 119
    SelfLvalue  转到状态 120
    Call        转到状态 121
    Expr        转到状态 191
    Constant    转到状态 117


State 161

  102 Expr: SPLEFTPRNT KEYCLASS IDENTIFIER . SPRIGHTPRNT Expr

    SPRIGHTPRNT  shift, and go to state 192


State 162

   81 Expr: SPLEFTPRNT Expr SPRIGHTPRNT .

    $default  reduce using rule 81 (Expr)


State 163

   99 Expr: KEYNEW IDENTIFIER SPLEFTPRNT . SPRIGHTPRNT

    SPRIGHTPRNT  shift, and go to state 193


State 164

   22 Type: Type SPLEFTBRACKET . SPRIGHTBRACKET
  100 Expr: KEYNEW Type SPLEFTBRACKET . Expr SPRIGHTBRACKET

    SPLEFTPRNT      shift, and go to state 79
    SPRIGHTBRACKET  shift, and go to state 42
    OPMINUS         shift, and go to state 80
    OPNOT           shift, and go to state 81
    KEYNEW          shift, and go to state 82
    KEYTHIS         shift, and go to state 83
    KEYINSTANCEOF   shift, and go to state 84
    KEYREADINTEGER  shift, and go to state 92
    KEYREADLINE     shift, and go to state 93
    KEYREADFLOAT    shift, and go to state 94
    CONSTANTNULL    shift, and go to state 95
    CONSTANTBOOL    shift, and go to state 96
    CONSTANTINT     shift, and go to state 97
    CONSTANTFLOAT   shift, and go to state 98
    CONSTANTSTRING  shift, and go to state 99
    IDENTIFIER      shift, and go to state 100

    LValue      转到状态 119
    SelfLvalue  转到状态 120
    Call        转到状态 121
    Expr        转到状态 194
    Constant    转到状态 117


State 165

   56 LValue: Expr . SPDOT IDENTIFIER
   57       | Expr . SPLEFTBRACKET Expr SPRIGHTBRACKET
   62 Call: Expr . SPDOT IDENTIFIER SPLEFTPRNT Actuals SPRIGHTPRNT
   82 Expr: Expr . OPPLUS Expr
   83     | Expr . OPMINUS Expr
   84     | Expr . OPMULTIPLY Expr
   85     | Expr . OPDIVIDE Expr
   87     | Expr . OPLIGHT Expr
   88     | Expr . OPLIGHTEQ Expr
   89     | Expr . OPGREAT Expr
   90     | Expr . OPGREATEQ Expr
   91     | Expr . OPEQUAL Expr
   92     | Expr . OPNOTEQUAL Expr
   93     | Expr . OPAND Expr
   94     | Expr . OPOR Expr
  101     | KEYINSTANCEOF SPLEFTPRNT Expr . SPCOMMA IDENTIFIER SPRIGHTPRNT

    SPCOMMA        shift, and go to state 195
    SPDOT          shift, and go to state 147
    SPLEFTBRACKET  shift, and go to state 148
    OPPLUS         shift, and go to state 149
    OPMINUS        shift, and go to state 150
    OPMULTIPLY     shift, and go to state 151
    OPDIVIDE       shift, and go to state 152
    OPAND          shift, and go to state 153
    OPOR           shift, and go to state 154
    OPEQUAL        shift, and go to state 155
    OPNOTEQUAL     shift, and go to state 156
    OPGREAT        shift, and go to state 157
    OPLIGHT        shift, and go to state 158
    OPGREATEQ      shift, and go to state 159
    OPLIGHTEQ      shift, and go to state 160


State 166

   69 IfStmt: KEYIF SPLEFTPRNT BoolExpr . SPRIGHTPRNT Stmt
   70       | KEYIF SPLEFTPRNT BoolExpr . SPRIGHTPRNT Stmt KEYELSE Stmt

    SPRIGHTPRNT  shift, and go to state 196


State 167

   56 LValue: Expr . SPDOT IDENTIFIER
   57       | Expr . SPLEFTBRACKET Expr SPRIGHTBRACKET
   62 Call: Expr . SPDOT IDENTIFIER SPLEFTPRNT Actuals SPRIGHTPRNT
   76 BoolExpr: Expr .
   82 Expr: Expr . OPPLUS Expr
   83     | Expr . OPMINUS Expr
   84     | Expr . OPMULTIPLY Expr
   85     | Expr . OPDIVIDE Expr
   87     | Expr . OPLIGHT Expr
   88     | Expr . OPLIGHTEQ Expr
   89     | Expr . OPGREAT Expr
   90     | Expr . OPGREATEQ Expr
   91     | Expr . OPEQUAL Expr
   92     | Expr . OPNOTEQUAL Expr
   93     | Expr . OPAND Expr
   94     | Expr . OPOR Expr

    SPDOT          shift, and go to state 147
    SPLEFTBRACKET  shift, and go to state 148
    OPPLUS         shift, and go to state 149
    OPMINUS        shift, and go to state 150
    OPMULTIPLY     shift, and go to state 151
    OPDIVIDE       shift, and go to state 152
    OPAND          shift, and go to state 153
    OPOR           shift, and go to state 154
    OPEQUAL        shift, and go to state 155
    OPNOTEQUAL     shift, and go to state 156
    OPGREAT        shift, and go to state 157
    OPLIGHT        shift, and go to state 158
    OPGREATEQ      shift, and go to state 159
    OPLIGHTEQ      shift, and go to state 160

    $default  reduce using rule 76 (BoolExpr)


State 168

   67 ForStmt: KEYFOR SPLEFTPRNT SimpleStmt . SPSEMICOLON BoolExpr SPSEMICOLON SimpleStmt SPRIGHTPRNT Stmt

    SPSEMICOLON  shift, and go to state 197


State 169

   68 WhileStmt: KEYWHILE SPLEFTPRNT BoolExpr . SPRIGHTPRNT Stmt

    SPRIGHTPRNT  shift, and go to state 198


State 170

   66 Exprs: Exprs . SPCOMMA Expr
   75 PrintStmt: KEYPRINT SPLEFTPRNT Exprs . SPRIGHTPRNT

    SPCOMMA      shift, and go to state 199
    SPRIGHTPRNT  shift, and go to state 200


State 171

   56 LValue: Expr . SPDOT IDENTIFIER
   57       | Expr . SPLEFTBRACKET Expr SPRIGHTBRACKET
   62 Call: Expr . SPDOT IDENTIFIER SPLEFTPRNT Actuals SPRIGHTPRNT
   65 Exprs: Expr .
   82 Expr: Expr . OPPLUS Expr
   83     | Expr . OPMINUS Expr
   84     | Expr . OPMULTIPLY Expr
   85     | Expr . OPDIVIDE Expr
   87     | Expr . OPLIGHT Expr
   88     | Expr . OPLIGHTEQ Expr
   89     | Expr . OPGREAT Expr
   90     | Expr . OPGREATEQ Expr
   91     | Expr . OPEQUAL Expr
   92     | Expr . OPNOTEQUAL Expr
   93     | Expr . OPAND Expr
   94     | Expr . OPOR Expr

    SPDOT          shift, and go to state 147
    SPLEFTBRACKET  shift, and go to state 148
    OPPLUS         shift, and go to state 149
    OPMINUS        shift, and go to state 150
    OPMULTIPLY     shift, and go to state 151
    OPDIVIDE       shift, and go to state 152
    OPAND          shift, and go to state 153
    OPOR           shift, and go to state 154
    OPEQUAL        shift, and go to state 155
    OPNOTEQUAL     shift, and go to state 156
    OPGREAT        shift, and go to state 157
    OPLIGHT        shift, and go to state 158
    OPGREATEQ      shift, and go to state 159
    OPLIGHTEQ      shift, and go to state 160

    $default  reduce using rule 65 (Exprs)


State 172

   96 Expr: KEYREADINTEGER SPLEFTPRNT SPRIGHTPRNT .

    $default  reduce using rule 96 (Expr)


State 173

   97 Expr: KEYREADLINE SPLEFTPRNT SPRIGHTPRNT .

    $default  reduce using rule 97 (Expr)


State 174

   98 Expr: KEYREADFLOAT SPLEFTPRNT SPRIGHTPRNT .

    $default  reduce using rule 98 (Expr)


State 175

   61 Call: IDENTIFIER SPLEFTPRNT Actuals . SPRIGHTPRNT

    SPRIGHTPRNT  shift, and go to state 201


State 176

   64 Actuals: Exprs .
   66 Exprs: Exprs . SPCOMMA Expr

    SPCOMMA  shift, and go to state 199

    $default  reduce using rule 64 (Actuals)


State 177

   52 SimpleStmt: LValue OPASSIGN Expr .
   56 LValue: Expr . SPDOT IDENTIFIER
   57       | Expr . SPLEFTBRACKET Expr SPRIGHTBRACKET
   62 Call: Expr . SPDOT IDENTIFIER SPLEFTPRNT Actuals SPRIGHTPRNT
   82 Expr: Expr . OPPLUS Expr
   83     | Expr . OPMINUS Expr
   84     | Expr . OPMULTIPLY Expr
   85     | Expr . OPDIVIDE Expr
   87     | Expr . OPLIGHT Expr
   88     | Expr . OPLIGHTEQ Expr
   89     | Expr . OPGREAT Expr
   90     | Expr . OPGREATEQ Expr
   91     | Expr . OPEQUAL Expr
   92     | Expr . OPNOTEQUAL Expr
   93     | Expr . OPAND Expr
   94     | Expr . OPOR Expr

    SPDOT          shift, and go to state 147
    SPLEFTBRACKET  shift, and go to state 148
    OPPLUS         shift, and go to state 149
    OPMINUS        shift, and go to state 150
    OPMULTIPLY     shift, and go to state 151
    OPDIVIDE       shift, and go to state 152
    OPAND          shift, and go to state 153
    OPOR           shift, and go to state 154
    OPEQUAL        shift, and go to state 155
    OPNOTEQUAL     shift, and go to state 156
    OPGREAT        shift, and go to state 157
    OPLIGHT        shift, and go to state 158
    OPGREATEQ      shift, and go to state 159
    OPLIGHTEQ      shift, and go to state 160

    $default  reduce using rule 52 (SimpleStmt)


State 178

   56 LValue: Expr SPDOT IDENTIFIER .
   62 Call: Expr SPDOT IDENTIFIER . SPLEFTPRNT Actuals SPRIGHTPRNT

    SPLEFTPRNT  shift, and go to state 202

    $default  reduce using rule 56 (LValue)


State 179

   56 LValue: Expr . SPDOT IDENTIFIER
   57       | Expr . SPLEFTBRACKET Expr SPRIGHTBRACKET
   57       | Expr SPLEFTBRACKET Expr . SPRIGHTBRACKET
   62 Call: Expr . SPDOT IDENTIFIER SPLEFTPRNT Actuals SPRIGHTPRNT
   82 Expr: Expr . OPPLUS Expr
   83     | Expr . OPMINUS Expr
   84     | Expr . OPMULTIPLY Expr
   85     | Expr . OPDIVIDE Expr
   87     | Expr . OPLIGHT Expr
   88     | Expr . OPLIGHTEQ Expr
   89     | Expr . OPGREAT Expr
   90     | Expr . OPGREATEQ Expr
   91     | Expr . OPEQUAL Expr
   92     | Expr . OPNOTEQUAL Expr
   93     | Expr . OPAND Expr
   94     | Expr . OPOR Expr

    SPDOT           shift, and go to state 147
    SPLEFTBRACKET   shift, and go to state 148
    SPRIGHTBRACKET  shift, and go to state 203
    OPPLUS          shift, and go to state 149
    OPMINUS         shift, and go to state 150
    OPMULTIPLY      shift, and go to state 151
    OPDIVIDE        shift, and go to state 152
    OPAND           shift, and go to state 153
    OPOR            shift, and go to state 154
    OPEQUAL         shift, and go to state 155
    OPNOTEQUAL      shift, and go to state 156
    OPGREAT         shift, and go to state 157
    OPLIGHT         shift, and go to state 158
    OPGREATEQ       shift, and go to state 159
    OPLIGHTEQ       shift, and go to state 160


State 180

   56 LValue: Expr . SPDOT IDENTIFIER
   57       | Expr . SPLEFTBRACKET Expr SPRIGHTBRACKET
   62 Call: Expr . SPDOT IDENTIFIER SPLEFTPRNT Actuals SPRIGHTPRNT
   82 Expr: Expr . OPPLUS Expr
   82     | Expr OPPLUS Expr .
   83     | Expr . OPMINUS Expr
   84     | Expr . OPMULTIPLY Expr
   85     | Expr . OPDIVIDE Expr
   87     | Expr . OPLIGHT Expr
   88     | Expr . OPLIGHTEQ Expr
   89     | Expr . OPGREAT Expr
   90     | Expr . OPGREATEQ Expr
   91     | Expr . OPEQUAL Expr
   92     | Expr . OPNOTEQUAL Expr
   93     | Expr . OPAND Expr
   94     | Expr . OPOR Expr

    SPDOT          shift, and go to state 147
    SPLEFTBRACKET  shift, and go to state 148
    OPMULTIPLY     shift, and go to state 151
    OPDIVIDE       shift, and go to state 152

    $default  reduce using rule 82 (Expr)


State 181

   56 LValue: Expr . SPDOT IDENTIFIER
   57       | Expr . SPLEFTBRACKET Expr SPRIGHTBRACKET
   62 Call: Expr . SPDOT IDENTIFIER SPLEFTPRNT Actuals SPRIGHTPRNT
   82 Expr: Expr . OPPLUS Expr
   83     | Expr . OPMINUS Expr
   83     | Expr OPMINUS Expr .
   84     | Expr . OPMULTIPLY Expr
   85     | Expr . OPDIVIDE Expr
   87     | Expr . OPLIGHT Expr
   88     | Expr . OPLIGHTEQ Expr
   89     | Expr . OPGREAT Expr
   90     | Expr . OPGREATEQ Expr
   91     | Expr . OPEQUAL Expr
   92     | Expr . OPNOTEQUAL Expr
   93     | Expr . OPAND Expr
   94     | Expr . OPOR Expr

    SPDOT          shift, and go to state 147
    SPLEFTBRACKET  shift, and go to state 148
    OPMULTIPLY     shift, and go to state 151
    OPDIVIDE       shift, and go to state 152

    $default  reduce using rule 83 (Expr)


State 182

   56 LValue: Expr . SPDOT IDENTIFIER
   57       | Expr . SPLEFTBRACKET Expr SPRIGHTBRACKET
   62 Call: Expr . SPDOT IDENTIFIER SPLEFTPRNT Actuals SPRIGHTPRNT
   82 Expr: Expr . OPPLUS Expr
   83     | Expr . OPMINUS Expr
   84     | Expr . OPMULTIPLY Expr
   84     | Expr OPMULTIPLY Expr .
   85     | Expr . OPDIVIDE Expr
   87     | Expr . OPLIGHT Expr
   88     | Expr . OPLIGHTEQ Expr
   89     | Expr . OPGREAT Expr
   90     | Expr . OPGREATEQ Expr
   91     | Expr . OPEQUAL Expr
   92     | Expr . OPNOTEQUAL Expr
   93     | Expr . OPAND Expr
   94     | Expr . OPOR Expr

    SPDOT          shift, and go to state 147
    SPLEFTBRACKET  shift, and go to state 148

    $default  reduce using rule 84 (Expr)


State 183

   56 LValue: Expr . SPDOT IDENTIFIER
   57       | Expr . SPLEFTBRACKET Expr SPRIGHTBRACKET
   62 Call: Expr . SPDOT IDENTIFIER SPLEFTPRNT Actuals SPRIGHTPRNT
   82 Expr: Expr . OPPLUS Expr
   83     | Expr . OPMINUS Expr
   84     | Expr . OPMULTIPLY Expr
   85     | Expr . OPDIVIDE Expr
   85     | Expr OPDIVIDE Expr .
   87     | Expr . OPLIGHT Expr
   88     | Expr . OPLIGHTEQ Expr
   89     | Expr . OPGREAT Expr
   90     | Expr . OPGREATEQ Expr
   91     | Expr . OPEQUAL Expr
   92     | Expr . OPNOTEQUAL Expr
   93     | Expr . OPAND Expr
   94     | Expr . OPOR Expr

    SPDOT          shift, and go to state 147
    SPLEFTBRACKET  shift, and go to state 148

    $default  reduce using rule 85 (Expr)


State 184

   56 LValue: Expr . SPDOT IDENTIFIER
   57       | Expr . SPLEFTBRACKET Expr SPRIGHTBRACKET
   62 Call: Expr . SPDOT IDENTIFIER SPLEFTPRNT Actuals SPRIGHTPRNT
   82 Expr: Expr . OPPLUS Expr
   83     | Expr . OPMINUS Expr
   84     | Expr . OPMULTIPLY Expr
   85     | Expr . OPDIVIDE Expr
   87     | Expr . OPLIGHT Expr
   88     | Expr . OPLIGHTEQ Expr
   89     | Expr . OPGREAT Expr
   90     | Expr . OPGREATEQ Expr
   91     | Expr . OPEQUAL Expr
   92     | Expr . OPNOTEQUAL Expr
   93     | Expr . OPAND Expr
   93     | Expr OPAND Expr .
   94     | Expr . OPOR Expr

    SPDOT          shift, and go to state 147
    SPLEFTBRACKET  shift, and go to state 148
    OPPLUS         shift, and go to state 149
    OPMINUS        shift, and go to state 150
    OPMULTIPLY     shift, and go to state 151
    OPDIVIDE       shift, and go to state 152
    OPEQUAL        shift, and go to state 155
    OPNOTEQUAL     shift, and go to state 156
    OPGREAT        shift, and go to state 157
    OPLIGHT        shift, and go to state 158
    OPGREATEQ      shift, and go to state 159
    OPLIGHTEQ      shift, and go to state 160

    $default  reduce using rule 93 (Expr)


State 185

   56 LValue: Expr . SPDOT IDENTIFIER
   57       | Expr . SPLEFTBRACKET Expr SPRIGHTBRACKET
   62 Call: Expr . SPDOT IDENTIFIER SPLEFTPRNT Actuals SPRIGHTPRNT
   82 Expr: Expr . OPPLUS Expr
   83     | Expr . OPMINUS Expr
   84     | Expr . OPMULTIPLY Expr
   85     | Expr . OPDIVIDE Expr
   87     | Expr . OPLIGHT Expr
   88     | Expr . OPLIGHTEQ Expr
   89     | Expr . OPGREAT Expr
   90     | Expr . OPGREATEQ Expr
   91     | Expr . OPEQUAL Expr
   92     | Expr . OPNOTEQUAL Expr
   93     | Expr . OPAND Expr
   94     | Expr . OPOR Expr
   94     | Expr OPOR Expr .

    SPDOT          shift, and go to state 147
    SPLEFTBRACKET  shift, and go to state 148
    OPPLUS         shift, and go to state 149
    OPMINUS        shift, and go to state 150
    OPMULTIPLY     shift, and go to state 151
    OPDIVIDE       shift, and go to state 152
    OPAND          shift, and go to state 153
    OPEQUAL        shift, and go to state 155
    OPNOTEQUAL     shift, and go to state 156
    OPGREAT        shift, and go to state 157
    OPLIGHT        shift, and go to state 158
    OPGREATEQ      shift, and go to state 159
    OPLIGHTEQ      shift, and go to state 160

    $default  reduce using rule 94 (Expr)


State 186

   56 LValue: Expr . SPDOT IDENTIFIER
   57       | Expr . SPLEFTBRACKET Expr SPRIGHTBRACKET
   62 Call: Expr . SPDOT IDENTIFIER SPLEFTPRNT Actuals SPRIGHTPRNT
   82 Expr: Expr . OPPLUS Expr
   83     | Expr . OPMINUS Expr
   84     | Expr . OPMULTIPLY Expr
   85     | Expr . OPDIVIDE Expr
   87     | Expr . OPLIGHT Expr
   88     | Expr . OPLIGHTEQ Expr
   89     | Expr . OPGREAT Expr
   90     | Expr . OPGREATEQ Expr
   91     | Expr . OPEQUAL Expr
   91     | Expr OPEQUAL Expr .
   92     | Expr . OPNOTEQUAL Expr
   93     | Expr . OPAND Expr
   94     | Expr . OPOR Expr

    SPDOT          shift, and go to state 147
    SPLEFTBRACKET  shift, and go to state 148
    OPPLUS         shift, and go to state 149
    OPMINUS        shift, and go to state 150
    OPMULTIPLY     shift, and go to state 151
    OPDIVIDE       shift, and go to state 152

    $default  reduce using rule 91 (Expr)


State 187

   56 LValue: Expr . SPDOT IDENTIFIER
   57       | Expr . SPLEFTBRACKET Expr SPRIGHTBRACKET
   62 Call: Expr . SPDOT IDENTIFIER SPLEFTPRNT Actuals SPRIGHTPRNT
   82 Expr: Expr . OPPLUS Expr
   83     | Expr . OPMINUS Expr
   84     | Expr . OPMULTIPLY Expr
   85     | Expr . OPDIVIDE Expr
   87     | Expr . OPLIGHT Expr
   88     | Expr . OPLIGHTEQ Expr
   89     | Expr . OPGREAT Expr
   90     | Expr . OPGREATEQ Expr
   91     | Expr . OPEQUAL Expr
   92     | Expr . OPNOTEQUAL Expr
   92     | Expr OPNOTEQUAL Expr .
   93     | Expr . OPAND Expr
   94     | Expr . OPOR Expr

    SPDOT          shift, and go to state 147
    SPLEFTBRACKET  shift, and go to state 148
    OPPLUS         shift, and go to state 149
    OPMINUS        shift, and go to state 150
    OPMULTIPLY     shift, and go to state 151
    OPDIVIDE       shift, and go to state 152

    $default  reduce using rule 92 (Expr)


State 188

   56 LValue: Expr . SPDOT IDENTIFIER
   57       | Expr . SPLEFTBRACKET Expr SPRIGHTBRACKET
   62 Call: Expr . SPDOT IDENTIFIER SPLEFTPRNT Actuals SPRIGHTPRNT
   82 Expr: Expr . OPPLUS Expr
   83     | Expr . OPMINUS Expr
   84     | Expr . OPMULTIPLY Expr
   85     | Expr . OPDIVIDE Expr
   87     | Expr . OPLIGHT Expr
   88     | Expr . OPLIGHTEQ Expr
   89     | Expr . OPGREAT Expr
   89     | Expr OPGREAT Expr .
   90     | Expr . OPGREATEQ Expr
   91     | Expr . OPEQUAL Expr
   92     | Expr . OPNOTEQUAL Expr
   93     | Expr . OPAND Expr
   94     | Expr . OPOR Expr

    SPDOT          shift, and go to state 147
    SPLEFTBRACKET  shift, and go to state 148
    OPPLUS         shift, and go to state 149
    OPMINUS        shift, and go to state 150
    OPMULTIPLY     shift, and go to state 151
    OPDIVIDE       shift, and go to state 152

    $default  reduce using rule 89 (Expr)


State 189

   56 LValue: Expr . SPDOT IDENTIFIER
   57       | Expr . SPLEFTBRACKET Expr SPRIGHTBRACKET
   62 Call: Expr . SPDOT IDENTIFIER SPLEFTPRNT Actuals SPRIGHTPRNT
   82 Expr: Expr . OPPLUS Expr
   83     | Expr . OPMINUS Expr
   84     | Expr . OPMULTIPLY Expr
   85     | Expr . OPDIVIDE Expr
   87     | Expr . OPLIGHT Expr
   87     | Expr OPLIGHT Expr .
   88     | Expr . OPLIGHTEQ Expr
   89     | Expr . OPGREAT Expr
   90     | Expr . OPGREATEQ Expr
   91     | Expr . OPEQUAL Expr
   92     | Expr . OPNOTEQUAL Expr
   93     | Expr . OPAND Expr
   94     | Expr . OPOR Expr

    SPDOT          shift, and go to state 147
    SPLEFTBRACKET  shift, and go to state 148
    OPPLUS         shift, and go to state 149
    OPMINUS        shift, and go to state 150
    OPMULTIPLY     shift, and go to state 151
    OPDIVIDE       shift, and go to state 152

    $default  reduce using rule 87 (Expr)


State 190

   56 LValue: Expr . SPDOT IDENTIFIER
   57       | Expr . SPLEFTBRACKET Expr SPRIGHTBRACKET
   62 Call: Expr . SPDOT IDENTIFIER SPLEFTPRNT Actuals SPRIGHTPRNT
   82 Expr: Expr . OPPLUS Expr
   83     | Expr . OPMINUS Expr
   84     | Expr . OPMULTIPLY Expr
   85     | Expr . OPDIVIDE Expr
   87     | Expr . OPLIGHT Expr
   88     | Expr . OPLIGHTEQ Expr
   89     | Expr . OPGREAT Expr
   90     | Expr . OPGREATEQ Expr
   90     | Expr OPGREATEQ Expr .
   91     | Expr . OPEQUAL Expr
   92     | Expr . OPNOTEQUAL Expr
   93     | Expr . OPAND Expr
   94     | Expr . OPOR Expr

    SPDOT          shift, and go to state 147
    SPLEFTBRACKET  shift, and go to state 148
    OPPLUS         shift, and go to state 149
    OPMINUS        shift, and go to state 150
    OPMULTIPLY     shift, and go to state 151
    OPDIVIDE       shift, and go to state 152

    $default  reduce using rule 90 (Expr)


State 191

   56 LValue: Expr . SPDOT IDENTIFIER
   57       | Expr . SPLEFTBRACKET Expr SPRIGHTBRACKET
   62 Call: Expr . SPDOT IDENTIFIER SPLEFTPRNT Actuals SPRIGHTPRNT
   82 Expr: Expr . OPPLUS Expr
   83     | Expr . OPMINUS Expr
   84     | Expr . OPMULTIPLY Expr
   85     | Expr . OPDIVIDE Expr
   87     | Expr . OPLIGHT Expr
   88     | Expr . OPLIGHTEQ Expr
   88     | Expr OPLIGHTEQ Expr .
   89     | Expr . OPGREAT Expr
   90     | Expr . OPGREATEQ Expr
   91     | Expr . OPEQUAL Expr
   92     | Expr . OPNOTEQUAL Expr
   93     | Expr . OPAND Expr
   94     | Expr . OPOR Expr

    SPDOT          shift, and go to state 147
    SPLEFTBRACKET  shift, and go to state 148
    OPPLUS         shift, and go to state 149
    OPMINUS        shift, and go to state 150
    OPMULTIPLY     shift, and go to state 151
    OPDIVIDE       shift, and go to state 152

    $default  reduce using rule 88 (Expr)


State 192

  102 Expr: SPLEFTPRNT KEYCLASS IDENTIFIER SPRIGHTPRNT . Expr

    SPLEFTPRNT      shift, and go to state 79
    OPMINUS         shift, and go to state 80
    OPNOT           shift, and go to state 81
    KEYNEW          shift, and go to state 82
    KEYTHIS         shift, and go to state 83
    KEYINSTANCEOF   shift, and go to state 84
    KEYREADINTEGER  shift, and go to state 92
    KEYREADLINE     shift, and go to state 93
    KEYREADFLOAT    shift, and go to state 94
    CONSTANTNULL    shift, and go to state 95
    CONSTANTBOOL    shift, and go to state 96
    CONSTANTINT     shift, and go to state 97
    CONSTANTFLOAT   shift, and go to state 98
    CONSTANTSTRING  shift, and go to state 99
    IDENTIFIER      shift, and go to state 100

    LValue      转到状态 119
    SelfLvalue  转到状态 120
    Call        转到状态 121
    Expr        转到状态 204
    Constant    转到状态 117


State 193

   99 Expr: KEYNEW IDENTIFIER SPLEFTPRNT SPRIGHTPRNT .

    $default  reduce using rule 99 (Expr)


State 194

   56 LValue: Expr . SPDOT IDENTIFIER
   57       | Expr . SPLEFTBRACKET Expr SPRIGHTBRACKET
   62 Call: Expr . SPDOT IDENTIFIER SPLEFTPRNT Actuals SPRIGHTPRNT
   82 Expr: Expr . OPPLUS Expr
   83     | Expr . OPMINUS Expr
   84     | Expr . OPMULTIPLY Expr
   85     | Expr . OPDIVIDE Expr
   87     | Expr . OPLIGHT Expr
   88     | Expr . OPLIGHTEQ Expr
   89     | Expr . OPGREAT Expr
   90     | Expr . OPGREATEQ Expr
   91     | Expr . OPEQUAL Expr
   92     | Expr . OPNOTEQUAL Expr
   93     | Expr . OPAND Expr
   94     | Expr . OPOR Expr
  100     | KEYNEW Type SPLEFTBRACKET Expr . SPRIGHTBRACKET

    SPDOT           shift, and go to state 147
    SPLEFTBRACKET   shift, and go to state 148
    SPRIGHTBRACKET  shift, and go to state 205
    OPPLUS          shift, and go to state 149
    OPMINUS         shift, and go to state 150
    OPMULTIPLY      shift, and go to state 151
    OPDIVIDE        shift, and go to state 152
    OPAND           shift, and go to state 153
    OPOR            shift, and go to state 154
    OPEQUAL         shift, and go to state 155
    OPNOTEQUAL      shift, and go to state 156
    OPGREAT         shift, and go to state 157
    OPLIGHT         shift, and go to state 158
    OPGREATEQ       shift, and go to state 159
    OPLIGHTEQ       shift, and go to state 160


State 195

  101 Expr: KEYINSTANCEOF SPLEFTPRNT Expr SPCOMMA . IDENTIFIER SPRIGHTPRNT

    IDENTIFIER  shift, and go to state 206


State 196

   69 IfStmt: KEYIF SPLEFTPRNT BoolExpr SPRIGHTPRNT . Stmt
   70       | KEYIF SPLEFTPRNT BoolExpr SPRIGHTPRNT . Stmt KEYELSE Stmt

    error           shift, and go to state 78
    SPLEFTBRACE     shift, and go to state 72
    SPLEFTPRNT      shift, and go to state 79
    OPMINUS         shift, and go to state 80
    OPNOT           shift, and go to state 81
    TYPEVOID        shift, and go to state 2
    TYPEINTEGER     shift, and go to state 3
    TYPEFLOAT       shift, and go to state 4
    TYPEBOOL        shift, and go to state 5
    TYPESTRING      shift, and go to state 6
    KEYCLASS        shift, and go to state 20
    KEYNEW          shift, and go to state 82
    KEYTHIS         shift, and go to state 83
    KEYINSTANCEOF   shift, and go to state 84
    KEYIF           shift, and go to state 85
    KEYFOR          shift, and go to state 86
    KEYWHILE        shift, and go to state 87
    KEYBREAK        shift, and go to state 88
    KEYCONTINUE     shift, and go to state 89
    KEYRETURN       shift, and go to state 90
    KEYPRINT        shift, and go to state 91
    KEYREADINTEGER  shift, and go to state 92
    KEYREADLINE     shift, and go to state 93
    KEYREADFLOAT    shift, and go to state 94
    CONSTANTNULL    shift, and go to state 95
    CONSTANTBOOL    shift, and go to state 96
    CONSTANTINT     shift, and go to state 97
    CONSTANTFLOAT   shift, and go to state 98
    CONSTANTSTRING  shift, and go to state 99
    IDENTIFIER      shift, and go to state 100

    SPSEMICOLON  reduce using rule 51 (SimpleStmt)

    VariableDef   转到状态 101
    Variable      转到状态 13
    Type          转到状态 56
    StmtBlock     转到状态 102
    Stmt          转到状态 207
    SimpleStmt    转到状态 105
    LValue        转到状态 106
    SelfLvalue    转到状态 107
    Call          转到状态 108
    ForStmt       转到状态 109
    WhileStmt     转到状态 110
    IfStmt        转到状态 111
    ReturnStmt    转到状态 112
    BreakStmt     转到状态 113
    ContinueStmt  转到状态 114
    PrintStmt     转到状态 115
    Expr          转到状态 116
    Constant      转到状态 117


State 197

   67 ForStmt: KEYFOR SPLEFTPRNT SimpleStmt SPSEMICOLON . BoolExpr SPSEMICOLON SimpleStmt SPRIGHTPRNT Stmt

    SPLEFTPRNT      shift, and go to state 79
    OPMINUS         shift, and go to state 80
    OPNOT           shift, and go to state 81
    KEYNEW          shift, and go to state 82
    KEYTHIS         shift, and go to state 83
    KEYINSTANCEOF   shift, and go to state 84
    KEYREADINTEGER  shift, and go to state 92
    KEYREADLINE     shift, and go to state 93
    KEYREADFLOAT    shift, and go to state 94
    CONSTANTNULL    shift, and go to state 95
    CONSTANTBOOL    shift, and go to state 96
    CONSTANTINT     shift, and go to state 97
    CONSTANTFLOAT   shift, and go to state 98
    CONSTANTSTRING  shift, and go to state 99
    IDENTIFIER      shift, and go to state 100

    LValue      转到状态 119
    SelfLvalue  转到状态 120
    Call        转到状态 121
    BoolExpr    转到状态 208
    Expr        转到状态 167
    Constant    转到状态 117


State 198

   68 WhileStmt: KEYWHILE SPLEFTPRNT BoolExpr SPRIGHTPRNT . Stmt

    error           shift, and go to state 78
    SPLEFTBRACE     shift, and go to state 72
    SPLEFTPRNT      shift, and go to state 79
    OPMINUS         shift, and go to state 80
    OPNOT           shift, and go to state 81
    TYPEVOID        shift, and go to state 2
    TYPEINTEGER     shift, and go to state 3
    TYPEFLOAT       shift, and go to state 4
    TYPEBOOL        shift, and go to state 5
    TYPESTRING      shift, and go to state 6
    KEYCLASS        shift, and go to state 20
    KEYNEW          shift, and go to state 82
    KEYTHIS         shift, and go to state 83
    KEYINSTANCEOF   shift, and go to state 84
    KEYIF           shift, and go to state 85
    KEYFOR          shift, and go to state 86
    KEYWHILE        shift, and go to state 87
    KEYBREAK        shift, and go to state 88
    KEYCONTINUE     shift, and go to state 89
    KEYRETURN       shift, and go to state 90
    KEYPRINT        shift, and go to state 91
    KEYREADINTEGER  shift, and go to state 92
    KEYREADLINE     shift, and go to state 93
    KEYREADFLOAT    shift, and go to state 94
    CONSTANTNULL    shift, and go to state 95
    CONSTANTBOOL    shift, and go to state 96
    CONSTANTINT     shift, and go to state 97
    CONSTANTFLOAT   shift, and go to state 98
    CONSTANTSTRING  shift, and go to state 99
    IDENTIFIER      shift, and go to state 100

    SPSEMICOLON  reduce using rule 51 (SimpleStmt)

    VariableDef   转到状态 101
    Variable      转到状态 13
    Type          转到状态 56
    StmtBlock     转到状态 102
    Stmt          转到状态 209
    SimpleStmt    转到状态 105
    LValue        转到状态 106
    SelfLvalue    转到状态 107
    Call          转到状态 108
    ForStmt       转到状态 109
    WhileStmt     转到状态 110
    IfStmt        转到状态 111
    ReturnStmt    转到状态 112
    BreakStmt     转到状态 113
    ContinueStmt  转到状态 114
    PrintStmt     转到状态 115
    Expr          转到状态 116
    Constant      转到状态 117


State 199

   66 Exprs: Exprs SPCOMMA . Expr

    SPLEFTPRNT      shift, and go to state 79
    OPMINUS         shift, and go to state 80
    OPNOT           shift, and go to state 81
    KEYNEW          shift, and go to state 82
    KEYTHIS         shift, and go to state 83
    KEYINSTANCEOF   shift, and go to state 84
    KEYREADINTEGER  shift, and go to state 92
    KEYREADLINE     shift, and go to state 93
    KEYREADFLOAT    shift, and go to state 94
    CONSTANTNULL    shift, and go to state 95
    CONSTANTBOOL    shift, and go to state 96
    CONSTANTINT     shift, and go to state 97
    CONSTANTFLOAT   shift, and go to state 98
    CONSTANTSTRING  shift, and go to state 99
    IDENTIFIER      shift, and go to state 100

    LValue      转到状态 119
    SelfLvalue  转到状态 120
    Call        转到状态 121
    Expr        转到状态 210
    Constant    转到状态 117


State 200

   75 PrintStmt: KEYPRINT SPLEFTPRNT Exprs SPRIGHTPRNT .

    $default  reduce using rule 75 (PrintStmt)


State 201

   61 Call: IDENTIFIER SPLEFTPRNT Actuals SPRIGHTPRNT .

    $default  reduce using rule 61 (Call)


State 202

   62 Call: Expr SPDOT IDENTIFIER SPLEFTPRNT . Actuals SPRIGHTPRNT

    SPLEFTPRNT      shift, and go to state 79
    OPMINUS         shift, and go to state 80
    OPNOT           shift, and go to state 81
    KEYNEW          shift, and go to state 82
    KEYTHIS         shift, and go to state 83
    KEYINSTANCEOF   shift, and go to state 84
    KEYREADINTEGER  shift, and go to state 92
    KEYREADLINE     shift, and go to state 93
    KEYREADFLOAT    shift, and go to state 94
    CONSTANTNULL    shift, and go to state 95
    CONSTANTBOOL    shift, and go to state 96
    CONSTANTINT     shift, and go to state 97
    CONSTANTFLOAT   shift, and go to state 98
    CONSTANTSTRING  shift, and go to state 99
    IDENTIFIER      shift, and go to state 100

    $default  reduce using rule 63 (Actuals)

    LValue      转到状态 119
    SelfLvalue  转到状态 120
    Call        转到状态 121
    Actuals     转到状态 211
    Exprs       转到状态 176
    Expr        转到状态 171
    Constant    转到状态 117


State 203

   57 LValue: Expr SPLEFTBRACKET Expr SPRIGHTBRACKET .

    $default  reduce using rule 57 (LValue)


State 204

   56 LValue: Expr . SPDOT IDENTIFIER
   57       | Expr . SPLEFTBRACKET Expr SPRIGHTBRACKET
   62 Call: Expr . SPDOT IDENTIFIER SPLEFTPRNT Actuals SPRIGHTPRNT
   82 Expr: Expr . OPPLUS Expr
   83     | Expr . OPMINUS Expr
   84     | Expr . OPMULTIPLY Expr
   85     | Expr . OPDIVIDE Expr
   87     | Expr . OPLIGHT Expr
   88     | Expr . OPLIGHTEQ Expr
   89     | Expr . OPGREAT Expr
   90     | Expr . OPGREATEQ Expr
   91     | Expr . OPEQUAL Expr
   92     | Expr . OPNOTEQUAL Expr
   93     | Expr . OPAND Expr
   94     | Expr . OPOR Expr
  102     | SPLEFTPRNT KEYCLASS IDENTIFIER SPRIGHTPRNT Expr .

    $default  reduce using rule 102 (Expr)


State 205

  100 Expr: KEYNEW Type SPLEFTBRACKET Expr SPRIGHTBRACKET .

    $default  reduce using rule 100 (Expr)


State 206

  101 Expr: KEYINSTANCEOF SPLEFTPRNT Expr SPCOMMA IDENTIFIER . SPRIGHTPRNT

    SPRIGHTPRNT  shift, and go to state 212


State 207

   69 IfStmt: KEYIF SPLEFTPRNT BoolExpr SPRIGHTPRNT Stmt .
   70       | KEYIF SPLEFTPRNT BoolExpr SPRIGHTPRNT Stmt . KEYELSE Stmt

    KEYELSE  shift, and go to state 213

    $default  reduce using rule 69 (IfStmt)


State 208

   67 ForStmt: KEYFOR SPLEFTPRNT SimpleStmt SPSEMICOLON BoolExpr . SPSEMICOLON SimpleStmt SPRIGHTPRNT Stmt

    SPSEMICOLON  shift, and go to state 214


State 209

   68 WhileStmt: KEYWHILE SPLEFTPRNT BoolExpr SPRIGHTPRNT Stmt .

    $default  reduce using rule 68 (WhileStmt)


State 210

   56 LValue: Expr . SPDOT IDENTIFIER
   57       | Expr . SPLEFTBRACKET Expr SPRIGHTBRACKET
   62 Call: Expr . SPDOT IDENTIFIER SPLEFTPRNT Actuals SPRIGHTPRNT
   66 Exprs: Exprs SPCOMMA Expr .
   82 Expr: Expr . OPPLUS Expr
   83     | Expr . OPMINUS Expr
   84     | Expr . OPMULTIPLY Expr
   85     | Expr . OPDIVIDE Expr
   87     | Expr . OPLIGHT Expr
   88     | Expr . OPLIGHTEQ Expr
   89     | Expr . OPGREAT Expr
   90     | Expr . OPGREATEQ Expr
   91     | Expr . OPEQUAL Expr
   92     | Expr . OPNOTEQUAL Expr
   93     | Expr . OPAND Expr
   94     | Expr . OPOR Expr

    SPDOT          shift, and go to state 147
    SPLEFTBRACKET  shift, and go to state 148
    OPPLUS         shift, and go to state 149
    OPMINUS        shift, and go to state 150
    OPMULTIPLY     shift, and go to state 151
    OPDIVIDE       shift, and go to state 152
    OPAND          shift, and go to state 153
    OPOR           shift, and go to state 154
    OPEQUAL        shift, and go to state 155
    OPNOTEQUAL     shift, and go to state 156
    OPGREAT        shift, and go to state 157
    OPLIGHT        shift, and go to state 158
    OPGREATEQ      shift, and go to state 159
    OPLIGHTEQ      shift, and go to state 160

    $default  reduce using rule 66 (Exprs)


State 211

   62 Call: Expr SPDOT IDENTIFIER SPLEFTPRNT Actuals . SPRIGHTPRNT

    SPRIGHTPRNT  shift, and go to state 215


State 212

  101 Expr: KEYINSTANCEOF SPLEFTPRNT Expr SPCOMMA IDENTIFIER SPRIGHTPRNT .

    $default  reduce using rule 101 (Expr)


State 213

   70 IfStmt: KEYIF SPLEFTPRNT BoolExpr SPRIGHTPRNT Stmt KEYELSE . Stmt

    error           shift, and go to state 78
    SPLEFTBRACE     shift, and go to state 72
    SPLEFTPRNT      shift, and go to state 79
    OPMINUS         shift, and go to state 80
    OPNOT           shift, and go to state 81
    TYPEVOID        shift, and go to state 2
    TYPEINTEGER     shift, and go to state 3
    TYPEFLOAT       shift, and go to state 4
    TYPEBOOL        shift, and go to state 5
    TYPESTRING      shift, and go to state 6
    KEYCLASS        shift, and go to state 20
    KEYNEW          shift, and go to state 82
    KEYTHIS         shift, and go to state 83
    KEYINSTANCEOF   shift, and go to state 84
    KEYIF           shift, and go to state 85
    KEYFOR          shift, and go to state 86
    KEYWHILE        shift, and go to state 87
    KEYBREAK        shift, and go to state 88
    KEYCONTINUE     shift, and go to state 89
    KEYRETURN       shift, and go to state 90
    KEYPRINT        shift, and go to state 91
    KEYREADINTEGER  shift, and go to state 92
    KEYREADLINE     shift, and go to state 93
    KEYREADFLOAT    shift, and go to state 94
    CONSTANTNULL    shift, and go to state 95
    CONSTANTBOOL    shift, and go to state 96
    CONSTANTINT     shift, and go to state 97
    CONSTANTFLOAT   shift, and go to state 98
    CONSTANTSTRING  shift, and go to state 99
    IDENTIFIER      shift, and go to state 100

    SPSEMICOLON  reduce using rule 51 (SimpleStmt)

    VariableDef   转到状态 101
    Variable      转到状态 13
    Type          转到状态 56
    StmtBlock     转到状态 102
    Stmt          转到状态 216
    SimpleStmt    转到状态 105
    LValue        转到状态 106
    SelfLvalue    转到状态 107
    Call          转到状态 108
    ForStmt       转到状态 109
    WhileStmt     转到状态 110
    IfStmt        转到状态 111
    ReturnStmt    转到状态 112
    BreakStmt     转到状态 113
    ContinueStmt  转到状态 114
    PrintStmt     转到状态 115
    Expr          转到状态 116
    Constant      转到状态 117


State 214

   67 ForStmt: KEYFOR SPLEFTPRNT SimpleStmt SPSEMICOLON BoolExpr SPSEMICOLON . SimpleStmt SPRIGHTPRNT Stmt

    SPLEFTPRNT      shift, and go to state 79
    OPMINUS         shift, and go to state 80
    OPNOT           shift, and go to state 81
    KEYNEW          shift, and go to state 82
    KEYTHIS         shift, and go to state 83
    KEYINSTANCEOF   shift, and go to state 84
    KEYREADINTEGER  shift, and go to state 92
    KEYREADLINE     shift, and go to state 93
    KEYREADFLOAT    shift, and go to state 94
    CONSTANTNULL    shift, and go to state 95
    CONSTANTBOOL    shift, and go to state 96
    CONSTANTINT     shift, and go to state 97
    CONSTANTFLOAT   shift, and go to state 98
    CONSTANTSTRING  shift, and go to state 99
    IDENTIFIER      shift, and go to state 100

    $default  reduce using rule 51 (SimpleStmt)

    SimpleStmt  转到状态 217
    LValue      转到状态 106
    SelfLvalue  转到状态 107
    Call        转到状态 108
    Expr        转到状态 116
    Constant    转到状态 117


State 215

   62 Call: Expr SPDOT IDENTIFIER SPLEFTPRNT Actuals SPRIGHTPRNT .

    $default  reduce using rule 62 (Call)


State 216

   70 IfStmt: KEYIF SPLEFTPRNT BoolExpr SPRIGHTPRNT Stmt KEYELSE Stmt .

    $default  reduce using rule 70 (IfStmt)


State 217

   67 ForStmt: KEYFOR SPLEFTPRNT SimpleStmt SPSEMICOLON BoolExpr SPSEMICOLON SimpleStmt . SPRIGHTPRNT Stmt

    SPRIGHTPRNT  shift, and go to state 218


State 218

   67 ForStmt: KEYFOR SPLEFTPRNT SimpleStmt SPSEMICOLON BoolExpr SPSEMICOLON SimpleStmt SPRIGHTPRNT . Stmt

    error           shift, and go to state 78
    SPLEFTBRACE     shift, and go to state 72
    SPLEFTPRNT      shift, and go to state 79
    OPMINUS         shift, and go to state 80
    OPNOT           shift, and go to state 81
    TYPEVOID        shift, and go to state 2
    TYPEINTEGER     shift, and go to state 3
    TYPEFLOAT       shift, and go to state 4
    TYPEBOOL        shift, and go to state 5
    TYPESTRING      shift, and go to state 6
    KEYCLASS        shift, and go to state 20
    KEYNEW          shift, and go to state 82
    KEYTHIS         shift, and go to state 83
    KEYINSTANCEOF   shift, and go to state 84
    KEYIF           shift, and go to state 85
    KEYFOR          shift, and go to state 86
    KEYWHILE        shift, and go to state 87
    KEYBREAK        shift, and go to state 88
    KEYCONTINUE     shift, and go to state 89
    KEYRETURN       shift, and go to state 90
    KEYPRINT        shift, and go to state 91
    KEYREADINTEGER  shift, and go to state 92
    KEYREADLINE     shift, and go to state 93
    KEYREADFLOAT    shift, and go to state 94
    CONSTANTNULL    shift, and go to state 95
    CONSTANTBOOL    shift, and go to state 96
    CONSTANTINT     shift, and go to state 97
    CONSTANTFLOAT   shift, and go to state 98
    CONSTANTSTRING  shift, and go to state 99
    IDENTIFIER      shift, and go to state 100

    SPSEMICOLON  reduce using rule 51 (SimpleStmt)

    VariableDef   转到状态 101
    Variable      转到状态 13
    Type          转到状态 56
    StmtBlock     转到状态 102
    Stmt          转到状态 219
    SimpleStmt    转到状态 105
    LValue        转到状态 106
    SelfLvalue    转到状态 107
    Call          转到状态 108
    ForStmt       转到状态 109
    WhileStmt     转到状态 110
    IfStmt        转到状态 111
    ReturnStmt    转到状态 112
    BreakStmt     转到状态 113
    ContinueStmt  转到状态 114
    PrintStmt     转到状态 115
    Expr          转到状态 116
    Constant      转到状态 117


State 219

   67 ForStmt: KEYFOR SPLEFTPRNT SimpleStmt SPSEMICOLON BoolExpr SPSEMICOLON SimpleStmt SPRIGHTPRNT Stmt .

    $default  reduce using rule 67 (ForStmt)
